-------------------------------------------------------------------------------
Test set: com.examly.springapp.SpringappApplicationTests
-------------------------------------------------------------------------------
Tests run: 20, Failures: 20, Errors: 0, Skipped: 0, Time elapsed: 2.473 s <<< FAILURE! - in com.examly.springapp.SpringappApplicationTests
com.examly.springapp.SpringappApplicationTests.test_CorsConfiguration_Has_Configuration_Annotation  Time elapsed: 0.207 s  <<< FAILURE!
org.opentest4j.AssertionFailedError: Class com.examly.springapp.configuration.CorsConfiguration or annotation org.springframework.context.annotation.Configuration does not exist.
	at com.examly.springapp.SpringappApplicationTests.checkClassHasAnnotation(SpringappApplicationTests.java:223)
	at com.examly.springapp.SpringappApplicationTests.test_CorsConfiguration_Has_Configuration_Annotation(SpringappApplicationTests.java:164)

com.examly.springapp.SpringappApplicationTests.test_TutorRepo_Extends_JpaRepository  Time elapsed: 0.003 s  <<< FAILURE!
org.opentest4j.AssertionFailedError: Class com.examly.springapp.repository.TutorRepo or interface org.springframework.data.jpa.repository.JpaRepository does not exist.
	at com.examly.springapp.SpringappApplicationTests.checkClassImplementsInterface(SpringappApplicationTests.java:212)
	at com.examly.springapp.SpringappApplicationTests.test_TutorRepo_Extends_JpaRepository(SpringappApplicationTests.java:151)

com.examly.springapp.SpringappApplicationTests.test_InvalidExperienceException_Extends_RuntimeException  Time elapsed: 0.002 s  <<< FAILURE!
org.opentest4j.AssertionFailedError: InvalidExperienceException class does not exist.
	at com.examly.springapp.SpringappApplicationTests.test_InvalidExperienceException_Extends_RuntimeException(SpringappApplicationTests.java:182)

com.examly.springapp.SpringappApplicationTests.test_Repository_Folder_Exists  Time elapsed: 0.003 s  <<< FAILURE!
org.opentest4j.AssertionFailedError: expected: <true> but was: <false>
	at com.examly.springapp.SpringappApplicationTests.test_Repository_Folder_Exists(SpringappApplicationTests.java:101)

com.examly.springapp.SpringappApplicationTests.test_Add_Tutor  Time elapsed: 0.068 s  <<< FAILURE!
java.lang.AssertionError: Status expected:<200> but was:<404>
	at com.examly.springapp.SpringappApplicationTests.test_Add_Tutor(SpringappApplicationTests.java:35)

com.examly.springapp.SpringappApplicationTests.test_Service_Folder_Exists  Time elapsed: 0.003 s  <<< FAILURE!
org.opentest4j.AssertionFailedError: expected: <true> but was: <false>
	at com.examly.springapp.SpringappApplicationTests.test_Service_Folder_Exists(SpringappApplicationTests.java:109)

com.examly.springapp.SpringappApplicationTests.test_TutorModel_Class_Exists  Time elapsed: 0.002 s  <<< FAILURE!
org.opentest4j.AssertionFailedError: Class com.examly.springapp.model.Tutor does not exist.
	at com.examly.springapp.SpringappApplicationTests.checkClassExists(SpringappApplicationTests.java:191)
	at com.examly.springapp.SpringappApplicationTests.test_TutorModel_Class_Exists(SpringappApplicationTests.java:121)

com.examly.springapp.SpringappApplicationTests.test_Add_Tutor_With_Invalid_Experience  Time elapsed: 0.004 s  <<< FAILURE!
java.lang.AssertionError: Status expected:<400> but was:<404>
	at com.examly.springapp.SpringappApplicationTests.test_Add_Tutor_With_Invalid_Experience(SpringappApplicationTests.java:48)

com.examly.springapp.SpringappApplicationTests.test_Tutor_Model_Has_phoneNumber_Field  Time elapsed: 0.002 s  <<< FAILURE!
org.opentest4j.AssertionFailedError: Field phoneNumber in class com.examly.springapp.model.Tutor does not exist.
	at com.examly.springapp.SpringappApplicationTests.checkFieldExists(SpringappApplicationTests.java:201)
	at com.examly.springapp.SpringappApplicationTests.test_Tutor_Model_Has_phoneNumber_Field(SpringappApplicationTests.java:145)

com.examly.springapp.SpringappApplicationTests.test_Tutor_Model_Has_qualification_Field  Time elapsed: 0.002 s  <<< FAILURE!
org.opentest4j.AssertionFailedError: Field qualification in class com.examly.springapp.model.Tutor does not exist.
	at com.examly.springapp.SpringappApplicationTests.checkFieldExists(SpringappApplicationTests.java:201)
	at com.examly.springapp.SpringappApplicationTests.test_Tutor_Model_Has_qualification_Field(SpringappApplicationTests.java:139)

com.examly.springapp.SpringappApplicationTests.test_TutorController_File_Exists  Time elapsed: 0.001 s  <<< FAILURE!
org.opentest4j.AssertionFailedError: expected: <true> but was: <false>
	at com.examly.springapp.SpringappApplicationTests.test_TutorController_File_Exists(SpringappApplicationTests.java:77)

com.examly.springapp.SpringappApplicationTests.test_Tutor_File_Exists  Time elapsed: 0.002 s  <<< FAILURE!
org.opentest4j.AssertionFailedError: expected: <true> but was: <false>
	at com.examly.springapp.SpringappApplicationTests.test_Tutor_File_Exists(SpringappApplicationTests.java:93)

com.examly.springapp.SpringappApplicationTests.test_CorsConfiguration_Class_Exists  Time elapsed: 0.002 s  <<< FAILURE!
org.opentest4j.AssertionFailedError: Class com.examly.springapp.configuration.CorsConfiguration does not exist.
	at com.examly.springapp.SpringappApplicationTests.checkClassExists(SpringappApplicationTests.java:191)
	at com.examly.springapp.SpringappApplicationTests.test_CorsConfiguration_Class_Exists(SpringappApplicationTests.java:158)

com.examly.springapp.SpringappApplicationTests.test_Tutor_Model_Has_name_Field  Time elapsed: 0.001 s  <<< FAILURE!
org.opentest4j.AssertionFailedError: Field name in class com.examly.springapp.model.Tutor does not exist.
	at com.examly.springapp.SpringappApplicationTests.checkFieldExists(SpringappApplicationTests.java:201)
	at com.examly.springapp.SpringappApplicationTests.test_Tutor_Model_Has_name_Field(SpringappApplicationTests.java:127)

com.examly.springapp.SpringappApplicationTests.test_Tutor_Model_Has_subject_Field  Time elapsed: 0.002 s  <<< FAILURE!
org.opentest4j.AssertionFailedError: Field subject in class com.examly.springapp.model.Tutor does not exist.
	at com.examly.springapp.SpringappApplicationTests.checkFieldExists(SpringappApplicationTests.java:201)
	at com.examly.springapp.SpringappApplicationTests.test_Tutor_Model_Has_subject_Field(SpringappApplicationTests.java:133)

com.examly.springapp.SpringappApplicationTests.test_TutorService_Class_Exists  Time elapsed: 0.001 s  <<< FAILURE!
org.opentest4j.AssertionFailedError: Class com.examly.springapp.service.TutorService does not exist.
	at com.examly.springapp.SpringappApplicationTests.checkClassExists(SpringappApplicationTests.java:191)
	at com.examly.springapp.SpringappApplicationTests.test_TutorService_Class_Exists(SpringappApplicationTests.java:115)

com.examly.springapp.SpringappApplicationTests.test_Controller_Directory_Exists  Time elapsed: 0.001 s  <<< FAILURE!
org.opentest4j.AssertionFailedError: expected: <true> but was: <false>
	at com.examly.springapp.SpringappApplicationTests.test_Controller_Directory_Exists(SpringappApplicationTests.java:69)

com.examly.springapp.SpringappApplicationTests.test_Model_Directory_Exists  Time elapsed: 0.001 s  <<< FAILURE!
org.opentest4j.AssertionFailedError: expected: <true> but was: <false>
	at com.examly.springapp.SpringappApplicationTests.test_Model_Directory_Exists(SpringappApplicationTests.java:85)

com.examly.springapp.SpringappApplicationTests.test_InvalidExperienceException_Class_Exists  Time elapsed: 0.023 s  <<< FAILURE!
org.opentest4j.AssertionFailedError: Class com.examly.springapp.exception.InvalidExperienceException does not exist.
	at com.examly.springapp.SpringappApplicationTests.checkClassExists(SpringappApplicationTests.java:191)
	at com.examly.springapp.SpringappApplicationTests.test_InvalidExperienceException_Class_Exists(SpringappApplicationTests.java:171)

com.examly.springapp.SpringappApplicationTests.test_Get_AllTutors  Time elapsed: 0.005 s  <<< FAILURE!
java.lang.AssertionError: Status expected:<200> but was:<404>
	at com.examly.springapp.SpringappApplicationTests.test_Get_AllTutors(SpringappApplicationTests.java:59)

