<?xml version="1.0" encoding="UTF-8"?>
<testsuite xmlns:xsi="http://www.w3.org/2001/XMLSchema-instance" xsi:noNamespaceSchemaLocation="https://maven.apache.org/surefire/maven-surefire-plugin/xsd/surefire-test-report-3.0.xsd" version="3.0" name="com.examly.springapp.SpringappApplicationTests" time="4.985" tests="20" errors="0" skipped="0" failures="0">
  <properties>
[...]
</properties>
  <testcase name="test_CorsConfiguration_Has_Configuration_Annotation" classname="com.examly.springapp.SpringappApplicationTests" time="0.183">
    <system-out><![CDATA[18:56:14.904 [main] DEBUG org.springframework.test.context.BootstrapUtils - Instantiating CacheAwareContextLoaderDelegate from class [org.springframework.test.context.cache.DefaultCacheAwareContextLoaderDelegate]
18:56:14.912 [main] DEBUG org.springframework.test.context.BootstrapUtils - Instantiating BootstrapContext using constructor [public org.springframework.test.context.support.DefaultBootstrapContext(java.lang.Class,org.springframework.test.context.CacheAwareContextLoaderDelegate)]
18:56:14.946 [main] DEBUG org.springframework.test.context.BootstrapUtils - Instantiating TestContextBootstrapper for test class [com.examly.springapp.SpringappApplicationTests] from class [org.springframework.boot.test.context.SpringBootTestContextBootstrapper]
18:56:14.957 [main] INFO org.springframework.boot.test.context.SpringBootTestContextBootstrapper - Neither @ContextConfiguration nor @ContextHierarchy found for test class [com.examly.springapp.SpringappApplicationTests], using SpringBootContextLoader
18:56:14.960 [main] DEBUG org.springframework.test.context.support.AbstractContextLoader - Did not detect default resource location for test class [com.examly.springapp.SpringappApplicationTests]: class path resource [com/examly/springapp/SpringappApplicationTests-context.xml] does not exist
18:56:14.960 [main] DEBUG org.springframework.test.context.support.AbstractContextLoader - Did not detect default resource location for test class [com.examly.springapp.SpringappApplicationTests]: class path resource [com/examly/springapp/SpringappApplicationTestsContext.groovy] does not exist
18:56:14.960 [main] INFO org.springframework.test.context.support.AbstractContextLoader - Could not detect default resource locations for test class [com.examly.springapp.SpringappApplicationTests]: no resource found for suffixes {-context.xml, Context.groovy}.
18:56:15.013 [main] DEBUG org.springframework.test.context.support.ActiveProfilesUtils - Could not find an 'annotation declaring class' for annotation type [org.springframework.test.context.ActiveProfiles] and class [com.examly.springapp.SpringappApplicationTests]
18:56:15.099 [main] DEBUG org.springframework.boot.test.context.SpringBootTestContextBootstrapper - @TestExecutionListeners is not present for class [com.examly.springapp.SpringappApplicationTests]: using defaults.
18:56:15.099 [main] INFO org.springframework.boot.test.context.SpringBootTestContextBootstrapper - Loaded default TestExecutionListener class names from location [META-INF/spring.factories]: [org.springframework.boot.test.mock.mockito.MockitoTestExecutionListener, org.springframework.boot.test.mock.mockito.ResetMocksTestExecutionListener, org.springframework.boot.test.autoconfigure.restdocs.RestDocsTestExecutionListener, org.springframework.boot.test.autoconfigure.web.client.MockRestServiceServerResetTestExecutionListener, org.springframework.boot.test.autoconfigure.web.servlet.MockMvcPrintOnlyOnFailureTestExecutionListener, org.springframework.boot.test.autoconfigure.web.servlet.WebDriverTestExecutionListener, org.springframework.boot.test.autoconfigure.webservices.client.MockWebServiceServerTestExecutionListener, org.springframework.test.context.web.ServletTestExecutionListener, org.springframework.test.context.support.DirtiesContextBeforeModesTestExecutionListener, org.springframework.test.context.event.ApplicationEventsTestExecutionListener, org.springframework.test.context.support.DependencyInjectionTestExecutionListener, org.springframework.test.context.support.DirtiesContextTestExecutionListener, org.springframework.test.context.transaction.TransactionalTestExecutionListener, org.springframework.test.context.jdbc.SqlScriptsTestExecutionListener, org.springframework.test.context.event.EventPublishingTestExecutionListener]
18:56:15.112 [main] INFO org.springframework.boot.test.context.SpringBootTestContextBootstrapper - Using TestExecutionListeners: [org.springframework.test.context.web.ServletTestExecutionListener@7393222f, org.springframework.test.context.support.DirtiesContextBeforeModesTestExecutionListener@babafc2, org.springframework.test.context.event.ApplicationEventsTestExecutionListener@31add175, org.springframework.boot.test.mock.mockito.MockitoTestExecutionListener@ae3540e, org.springframework.boot.test.autoconfigure.SpringBootDependencyInjectionTestExecutionListener@600b9d27, org.springframework.test.context.support.DirtiesContextTestExecutionListener@3688eb5b, org.springframework.test.context.transaction.TransactionalTestExecutionListener@69f1a286, org.springframework.test.context.jdbc.SqlScriptsTestExecutionListener@7922d892, org.springframework.test.context.event.EventPublishingTestExecutionListener@457c9034, org.springframework.boot.test.mock.mockito.ResetMocksTestExecutionListener@345f69f3, org.springframework.boot.test.autoconfigure.restdocs.RestDocsTestExecutionListener@50de186c, org.springframework.boot.test.autoconfigure.web.client.MockRestServiceServerResetTestExecutionListener@3f57bcad, org.springframework.boot.test.autoconfigure.web.servlet.MockMvcPrintOnlyOnFailureTestExecutionListener@1e8b7643, org.springframework.boot.test.autoconfigure.web.servlet.WebDriverTestExecutionListener@51549490, org.springframework.boot.test.autoconfigure.webservices.client.MockWebServiceServerTestExecutionListener@71e9ebae]
18:56:15.115 [main] DEBUG org.springframework.test.context.support.AbstractDirtiesContextTestExecutionListener - Before test class: context [DefaultTestContext@2e48362c testClass = SpringappApplicationTests, testInstance = [null], testMethod = [null], testException = [null], mergedContextConfiguration = [WebMergedContextConfiguration@1efe439d testClass = SpringappApplicationTests, locations = '{}', classes = '{class com.examly.springapp.SpringappApplication}', contextInitializerClasses = '[]', activeProfiles = '{}', propertySourceLocations = '{}', propertySourceProperties = '{org.springframework.boot.test.context.SpringBootTestContextBootstrapper=true}', contextCustomizers = set[[ImportsContextCustomizer@be68757 key = [org.springframework.boot.test.autoconfigure.web.servlet.MockMvcAutoConfiguration, org.springframework.boot.test.autoconfigure.web.servlet.MockMvcWebClientAutoConfiguration, org.springframework.boot.test.autoconfigure.web.servlet.MockMvcWebDriverAutoConfiguration, org.springframework.boot.autoconfigure.security.oauth2.client.servlet.OAuth2ClientAutoConfiguration, org.springframework.boot.autoconfigure.security.oauth2.resource.servlet.OAuth2ResourceServerAutoConfiguration, org.springframework.boot.autoconfigure.security.servlet.SecurityAutoConfiguration, org.springframework.boot.autoconfigure.security.servlet.SecurityFilterAutoConfiguration, org.springframework.boot.autoconfigure.security.servlet.UserDetailsServiceAutoConfiguration, org.springframework.boot.test.autoconfigure.web.servlet.MockMvcSecurityConfiguration, org.springframework.boot.test.autoconfigure.web.reactive.WebTestClientAutoConfiguration]], org.springframework.boot.test.context.filter.ExcludeFilterContextCustomizer@5d534f5d, org.springframework.boot.test.json.DuplicateJsonObjectContextCustomizerFactory$DuplicateJsonObjectContextCustomizer@6fdbe764, org.springframework.boot.test.mock.mockito.MockitoContextCustomizer@0, org.springframework.boot.test.web.client.TestRestTemplateContextCustomizer@6574a52c, org.springframework.boot.test.autoconfigure.actuate.metrics.MetricsExportContextCustomizerFactory$DisableMetricExportContextCustomizer@738dc9b, org.springframework.boot.test.autoconfigure.properties.PropertyMappingContextCustomizer@4b3fa0b3, org.springframework.boot.test.autoconfigure.web.servlet.WebDriverContextCustomizerFactory$Customizer@2e8c1c9b, org.springframework.boot.test.context.SpringBootTestArgs@1, org.springframework.boot.test.context.SpringBootTestWebEnvironment@7a9273a8], resourceBasePath = 'src/main/webapp', contextLoader = 'org.springframework.boot.test.context.SpringBootContextLoader', parent = [null]], attributes = map['org.springframework.test.context.web.ServletTestExecutionListener.activateListener' -> true]], class annotated with @DirtiesContext [false] with mode [null].

  .   ____          _            __ _ _
 /\\ / ___'_ __ _ _(_)_ __  __ _ \ \ \ \
( ( )\___ | '_ | '_| | '_ \/ _` | \ \ \ \
 \\/  ___)| |_)| | | | | || (_| |  ) ) ) )
  '  |____| .__|_| |_|_| |_\__, | / / / /
 =========|_|==============|___/=/_/_/_/
 :: Spring Boot ::               (v2.7.14)

2025-09-06 18:56:15.381  INFO 1120 --- [           main] c.e.springapp.SpringappApplicationTests  : Starting SpringappApplicationTests using Java 17.0.15 on ceaababafbaaefdcabcfbebcacaffdeccdfdba-0 with PID 1120 (started by coder in /home/coder/project/workspace/springapp)
2025-09-06 18:56:15.382  INFO 1120 --- [           main] c.e.springapp.SpringappApplicationTests  : No active profile set, falling back to 1 default profile: "default"
2025-09-06 18:56:15.943  INFO 1120 --- [           main] .s.d.r.c.RepositoryConfigurationDelegate : Bootstrapping Spring Data JPA repositories in DEFAULT mode.
2025-09-06 18:56:15.996  INFO 1120 --- [           main] .s.d.r.c.RepositoryConfigurationDelegate : Finished Spring Data repository scanning in 46 ms. Found 5 JPA repository interfaces.
2025-09-06 18:56:16.551  INFO 1120 --- [           main] com.zaxxer.hikari.HikariDataSource       : HikariPool-1 - Starting...
2025-09-06 18:56:16.714  INFO 1120 --- [           main] com.zaxxer.hikari.HikariDataSource       : HikariPool-1 - Start completed.
2025-09-06 18:56:16.845  INFO 1120 --- [           main] o.hibernate.jpa.internal.util.LogHelper  : HHH000204: Processing PersistenceUnitInfo [name: default]
2025-09-06 18:56:16.875  INFO 1120 --- [           main] org.hibernate.Version                    : HHH000412: Hibernate ORM core version 5.6.15.Final
2025-09-06 18:56:16.996  INFO 1120 --- [           main] o.hibernate.annotations.common.Version   : HCANN000001: Hibernate Commons Annotations {5.1.2.Final}
2025-09-06 18:56:17.081  INFO 1120 --- [           main] org.hibernate.dialect.Dialect            : HHH000400: Using dialect: org.hibernate.dialect.MySQL8Dialect
Hibernate: create table notifications (id bigint not null auto_increment, channel varchar(255), created_at datetime(6), message varchar(1000), read bit not null, sent bit not null, sent_at datetime(6), title varchar(255) not null, type varchar(255), user_id bigint, primary key (id)) engine=InnoDB
2025-09-06 18:56:17.840  WARN 1120 --- [           main] o.h.t.s.i.ExceptionHandlerLoggedImpl     : GenerationTarget encountered exception accepting command : Error executing DDL "create table notifications (id bigint not null auto_increment, channel varchar(255), created_at datetime(6), message varchar(1000), read bit not null, sent bit not null, sent_at datetime(6), title varchar(255) not null, type varchar(255), user_id bigint, primary key (id)) engine=InnoDB" via JDBC Statement

org.hibernate.tool.schema.spi.CommandAcceptanceException: Error executing DDL "create table notifications (id bigint not null auto_increment, channel varchar(255), created_at datetime(6), message varchar(1000), read bit not null, sent bit not null, sent_at datetime(6), title varchar(255) not null, type varchar(255), user_id bigint, primary key (id)) engine=InnoDB" via JDBC Statement
	at org.hibernate.tool.schema.internal.exec.GenerationTargetToDatabase.accept(GenerationTargetToDatabase.java:67) ~[hibernate-core-5.6.15.Final.jar:5.6.15.Final]
	at org.hibernate.tool.schema.internal.AbstractSchemaMigrator.applySqlString(AbstractSchemaMigrator.java:581) ~[hibernate-core-5.6.15.Final.jar:5.6.15.Final]
	at org.hibernate.tool.schema.internal.AbstractSchemaMigrator.applySqlStrings(AbstractSchemaMigrator.java:526) ~[hibernate-core-5.6.15.Final.jar:5.6.15.Final]
	at org.hibernate.tool.schema.internal.AbstractSchemaMigrator.createTable(AbstractSchemaMigrator.java:293) ~[hibernate-core-5.6.15.Final.jar:5.6.15.Final]
	at org.hibernate.tool.schema.internal.GroupedSchemaMigratorImpl.performTablesMigration(GroupedSchemaMigratorImpl.java:74) ~[hibernate-core-5.6.15.Final.jar:5.6.15.Final]
	at org.hibernate.tool.schema.internal.AbstractSchemaMigrator.performMigration(AbstractSchemaMigrator.java:220) ~[hibernate-core-5.6.15.Final.jar:5.6.15.Final]
	at org.hibernate.tool.schema.internal.AbstractSchemaMigrator.doMigration(AbstractSchemaMigrator.java:123) ~[hibernate-core-5.6.15.Final.jar:5.6.15.Final]
	at org.hibernate.tool.schema.spi.SchemaManagementToolCoordinator.performDatabaseAction(SchemaManagementToolCoordinator.java:196) ~[hibernate-core-5.6.15.Final.jar:5.6.15.Final]
	at org.hibernate.tool.schema.spi.SchemaManagementToolCoordinator.process(SchemaManagementToolCoordinator.java:85) ~[hibernate-core-5.6.15.Final.jar:5.6.15.Final]
	at org.hibernate.internal.SessionFactoryImpl.<init>(SessionFactoryImpl.java:335) ~[hibernate-core-5.6.15.Final.jar:5.6.15.Final]
	at org.hibernate.boot.internal.SessionFactoryBuilderImpl.build(SessionFactoryBuilderImpl.java:471) ~[hibernate-core-5.6.15.Final.jar:5.6.15.Final]
	at org.hibernate.jpa.boot.internal.EntityManagerFactoryBuilderImpl.build(EntityManagerFactoryBuilderImpl.java:1498) ~[hibernate-core-5.6.15.Final.jar:5.6.15.Final]
	at org.springframework.orm.jpa.vendor.SpringHibernateJpaPersistenceProvider.createContainerEntityManagerFactory(SpringHibernateJpaPersistenceProvider.java:58) ~[spring-orm-5.3.29.jar:5.3.29]
	at org.springframework.orm.jpa.LocalContainerEntityManagerFactoryBean.createNativeEntityManagerFactory(LocalContainerEntityManagerFactoryBean.java:365) ~[spring-orm-5.3.29.jar:5.3.29]
	at org.springframework.orm.jpa.AbstractEntityManagerFactoryBean.buildNativeEntityManagerFactory(AbstractEntityManagerFactoryBean.java:409) ~[spring-orm-5.3.29.jar:5.3.29]
	at org.springframework.orm.jpa.AbstractEntityManagerFactoryBean.afterPropertiesSet(AbstractEntityManagerFactoryBean.java:396) ~[spring-orm-5.3.29.jar:5.3.29]
	at org.springframework.orm.jpa.LocalContainerEntityManagerFactoryBean.afterPropertiesSet(LocalContainerEntityManagerFactoryBean.java:341) ~[spring-orm-5.3.29.jar:5.3.29]
	at org.springframework.beans.factory.support.AbstractAutowireCapableBeanFactory.invokeInitMethods(AbstractAutowireCapableBeanFactory.java:1863) ~[spring-beans-5.3.29.jar:5.3.29]
	at org.springframework.beans.factory.support.AbstractAutowireCapableBeanFactory.initializeBean(AbstractAutowireCapableBeanFactory.java:1800) ~[spring-beans-5.3.29.jar:5.3.29]
	at org.springframework.beans.factory.support.AbstractAutowireCapableBeanFactory.doCreateBean(AbstractAutowireCapableBeanFactory.java:620) ~[spring-beans-5.3.29.jar:5.3.29]
	at org.springframework.beans.factory.support.AbstractAutowireCapableBeanFactory.createBean(AbstractAutowireCapableBeanFactory.java:542) ~[spring-beans-5.3.29.jar:5.3.29]
	at org.springframework.beans.factory.support.AbstractBeanFactory.lambda$doGetBean$0(AbstractBeanFactory.java:335) ~[spring-beans-5.3.29.jar:5.3.29]
	at org.springframework.beans.factory.support.DefaultSingletonBeanRegistry.getSingleton(DefaultSingletonBeanRegistry.java:234) ~[spring-beans-5.3.29.jar:5.3.29]
	at org.springframework.beans.factory.support.AbstractBeanFactory.doGetBean(AbstractBeanFactory.java:333) ~[spring-beans-5.3.29.jar:5.3.29]
	at org.springframework.beans.factory.support.AbstractBeanFactory.getBean(AbstractBeanFactory.java:208) ~[spring-beans-5.3.29.jar:5.3.29]
	at org.springframework.context.support.AbstractApplicationContext.getBean(AbstractApplicationContext.java:1157) ~[spring-context-5.3.29.jar:5.3.29]
	at org.springframework.context.support.AbstractApplicationContext.finishBeanFactoryInitialization(AbstractApplicationContext.java:911) ~[spring-context-5.3.29.jar:5.3.29]
	at org.springframework.context.support.AbstractApplicationContext.refresh(AbstractApplicationContext.java:583) ~[spring-context-5.3.29.jar:5.3.29]
	at org.springframework.boot.SpringApplication.refresh(SpringApplication.java:731) ~[spring-boot-2.7.14.jar:2.7.14]
	at org.springframework.boot.SpringApplication.refreshContext(SpringApplication.java:408) ~[spring-boot-2.7.14.jar:2.7.14]
	at org.springframework.boot.SpringApplication.run(SpringApplication.java:307) ~[spring-boot-2.7.14.jar:2.7.14]
	at org.springframework.boot.test.context.SpringBootContextLoader.loadContext(SpringBootContextLoader.java:136) ~[spring-boot-test-2.7.14.jar:2.7.14]
	at org.springframework.test.context.cache.DefaultCacheAwareContextLoaderDelegate.loadContextInternal(DefaultCacheAwareContextLoaderDelegate.java:141) ~[spring-test-5.3.29.jar:5.3.29]
	at org.springframework.test.context.cache.DefaultCacheAwareContextLoaderDelegate.loadContext(DefaultCacheAwareContextLoaderDelegate.java:90) ~[spring-test-5.3.29.jar:5.3.29]
	at org.springframework.test.context.support.DefaultTestContext.getApplicationContext(DefaultTestContext.java:124) ~[spring-test-5.3.29.jar:5.3.29]
	at org.springframework.test.context.web.ServletTestExecutionListener.setUpRequestContextIfNecessary(ServletTestExecutionListener.java:190) ~[spring-test-5.3.29.jar:5.3.29]
	at org.springframework.test.context.web.ServletTestExecutionListener.prepareTestInstance(ServletTestExecutionListener.java:132) ~[spring-test-5.3.29.jar:5.3.29]
	at org.springframework.test.context.TestContextManager.prepareTestInstance(TestContextManager.java:248) ~[spring-test-5.3.29.jar:5.3.29]
	at org.springframework.test.context.junit.jupiter.SpringExtension.postProcessTestInstance(SpringExtension.java:138) ~[spring-test-5.3.29.jar:5.3.29]
	at org.junit.jupiter.engine.descriptor.ClassBasedTestDescriptor.lambda$invokeTestInstancePostProcessors$8(ClassBasedTestDescriptor.java:363) ~[junit-jupiter-engine-5.8.2.jar:5.8.2]
	at org.junit.jupiter.engine.descriptor.ClassBasedTestDescriptor.executeAndMaskThrowable(ClassBasedTestDescriptor.java:368) ~[junit-jupiter-engine-5.8.2.jar:5.8.2]
	at org.junit.jupiter.engine.descriptor.ClassBasedTestDescriptor.lambda$invokeTestInstancePostProcessors$9(ClassBasedTestDescriptor.java:363) ~[junit-jupiter-engine-5.8.2.jar:5.8.2]
	at java.base/java.util.stream.ReferencePipeline$3$1.accept(ReferencePipeline.java:197) ~[na:na]
	at java.base/java.util.stream.ReferencePipeline$2$1.accept(ReferencePipeline.java:179) ~[na:na]
	at java.base/java.util.ArrayList$ArrayListSpliterator.forEachRemaining(ArrayList.java:1625) ~[na:na]
	at java.base/java.util.stream.AbstractPipeline.copyInto(AbstractPipeline.java:509) ~[na:na]
	at java.base/java.util.stream.AbstractPipeline.wrapAndCopyInto(AbstractPipeline.java:499) ~[na:na]
	at java.base/java.util.stream.StreamSpliterators$WrappingSpliterator.forEachRemaining(StreamSpliterators.java:310) ~[na:na]
	at java.base/java.util.stream.Streams$ConcatSpliterator.forEachRemaining(Streams.java:735) ~[na:na]
	at java.base/java.util.stream.Streams$ConcatSpliterator.forEachRemaining(Streams.java:734) ~[na:na]
	at java.base/java.util.stream.ReferencePipeline$Head.forEach(ReferencePipeline.java:762) ~[na:na]
	at org.junit.jupiter.engine.descriptor.ClassBasedTestDescriptor.invokeTestInstancePostProcessors(ClassBasedTestDescriptor.java:362) ~[junit-jupiter-engine-5.8.2.jar:5.8.2]
	at org.junit.jupiter.engine.descriptor.ClassBasedTestDescriptor.lambda$instantiateAndPostProcessTestInstance$6(ClassBasedTestDescriptor.java:283) ~[junit-jupiter-engine-5.8.2.jar:5.8.2]
	at org.junit.platform.engine.support.hierarchical.ThrowableCollector.execute(ThrowableCollector.java:73) ~[junit-platform-engine-1.8.2.jar:1.8.2]
	at org.junit.jupiter.engine.descriptor.ClassBasedTestDescriptor.instantiateAndPostProcessTestInstance(ClassBasedTestDescriptor.java:282) ~[junit-jupiter-engine-5.8.2.jar:5.8.2]
	at org.junit.jupiter.engine.descriptor.ClassBasedTestDescriptor.lambda$testInstancesProvider$4(ClassBasedTestDescriptor.java:272) ~[junit-jupiter-engine-5.8.2.jar:5.8.2]
	at java.base/java.util.Optional.orElseGet(Optional.java:364) ~[na:na]
	at org.junit.jupiter.engine.descriptor.ClassBasedTestDescriptor.lambda$testInstancesProvider$5(ClassBasedTestDescriptor.java:271) ~[junit-jupiter-engine-5.8.2.jar:5.8.2]
	at org.junit.jupiter.engine.execution.TestInstancesProvider.getTestInstances(TestInstancesProvider.java:31) ~[junit-jupiter-engine-5.8.2.jar:5.8.2]
	at org.junit.jupiter.engine.descriptor.TestMethodTestDescriptor.lambda$prepare$0(TestMethodTestDescriptor.java:102) ~[junit-jupiter-engine-5.8.2.jar:5.8.2]
	at org.junit.platform.engine.support.hierarchical.ThrowableCollector.execute(ThrowableCollector.java:73) ~[junit-platform-engine-1.8.2.jar:1.8.2]
	at org.junit.jupiter.engine.descriptor.TestMethodTestDescriptor.prepare(TestMethodTestDescriptor.java:101) ~[junit-jupiter-engine-5.8.2.jar:5.8.2]
	at org.junit.jupiter.engine.descriptor.TestMethodTestDescriptor.prepare(TestMethodTestDescriptor.java:66) ~[junit-jupiter-engine-5.8.2.jar:5.8.2]
	at org.junit.platform.engine.support.hierarchical.NodeTestTask.lambda$prepare$2(NodeTestTask.java:123) ~[junit-platform-engine-1.8.2.jar:1.8.2]
	at org.junit.platform.engine.support.hierarchical.ThrowableCollector.execute(ThrowableCollector.java:73) ~[junit-platform-engine-1.8.2.jar:1.8.2]
	at org.junit.platform.engine.support.hierarchical.NodeTestTask.prepare(NodeTestTask.java:123) ~[junit-platform-engine-1.8.2.jar:1.8.2]
	at org.junit.platform.engine.support.hierarchical.NodeTestTask.execute(NodeTestTask.java:90) ~[junit-platform-engine-1.8.2.jar:1.8.2]
	at java.base/java.util.ArrayList.forEach(ArrayList.java:1511) ~[na:na]
	at org.junit.platform.engine.support.hierarchical.SameThreadHierarchicalTestExecutorService.invokeAll(SameThreadHierarchicalTestExecutorService.java:41) ~[junit-platform-engine-1.8.2.jar:1.8.2]
	at org.junit.platform.engine.support.hierarchical.NodeTestTask.lambda$executeRecursively$6(NodeTestTask.java:155) ~[junit-platform-engine-1.8.2.jar:1.8.2]
	at org.junit.platform.engine.support.hierarchical.ThrowableCollector.execute(ThrowableCollector.java:73) ~[junit-platform-engine-1.8.2.jar:1.8.2]
	at org.junit.platform.engine.support.hierarchical.NodeTestTask.lambda$executeRecursively$8(NodeTestTask.java:141) ~[junit-platform-engine-1.8.2.jar:1.8.2]
	at org.junit.platform.engine.support.hierarchical.Node.around(Node.java:137) ~[junit-platform-engine-1.8.2.jar:1.8.2]
	at org.junit.platform.engine.support.hierarchical.NodeTestTask.lambda$executeRecursively$9(NodeTestTask.java:139) ~[junit-platform-engine-1.8.2.jar:1.8.2]
	at org.junit.platform.engine.support.hierarchical.ThrowableCollector.execute(ThrowableCollector.java:73) ~[junit-platform-engine-1.8.2.jar:1.8.2]
	at org.junit.platform.engine.support.hierarchical.NodeTestTask.executeRecursively(NodeTestTask.java:138) ~[junit-platform-engine-1.8.2.jar:1.8.2]
	at org.junit.platform.engine.support.hierarchical.NodeTestTask.execute(NodeTestTask.java:95) ~[junit-platform-engine-1.8.2.jar:1.8.2]
	at java.base/java.util.ArrayList.forEach(ArrayList.java:1511) ~[na:na]
	at org.junit.platform.engine.support.hierarchical.SameThreadHierarchicalTestExecutorService.invokeAll(SameThreadHierarchicalTestExecutorService.java:41) ~[junit-platform-engine-1.8.2.jar:1.8.2]
	at org.junit.platform.engine.support.hierarchical.NodeTestTask.lambda$executeRecursively$6(NodeTestTask.java:155) ~[junit-platform-engine-1.8.2.jar:1.8.2]
	at org.junit.platform.engine.support.hierarchical.ThrowableCollector.execute(ThrowableCollector.java:73) ~[junit-platform-engine-1.8.2.jar:1.8.2]
	at org.junit.platform.engine.support.hierarchical.NodeTestTask.lambda$executeRecursively$8(NodeTestTask.java:141) ~[junit-platform-engine-1.8.2.jar:1.8.2]
	at org.junit.platform.engine.support.hierarchical.Node.around(Node.java:137) ~[junit-platform-engine-1.8.2.jar:1.8.2]
	at org.junit.platform.engine.support.hierarchical.NodeTestTask.lambda$executeRecursively$9(NodeTestTask.java:139) ~[junit-platform-engine-1.8.2.jar:1.8.2]
	at org.junit.platform.engine.support.hierarchical.ThrowableCollector.execute(ThrowableCollector.java:73) ~[junit-platform-engine-1.8.2.jar:1.8.2]
	at org.junit.platform.engine.support.hierarchical.NodeTestTask.executeRecursively(NodeTestTask.java:138) ~[junit-platform-engine-1.8.2.jar:1.8.2]
	at org.junit.platform.engine.support.hierarchical.NodeTestTask.execute(NodeTestTask.java:95) ~[junit-platform-engine-1.8.2.jar:1.8.2]
	at org.junit.platform.engine.support.hierarchical.SameThreadHierarchicalTestExecutorService.submit(SameThreadHierarchicalTestExecutorService.java:35) ~[junit-platform-engine-1.8.2.jar:1.8.2]
	at org.junit.platform.engine.support.hierarchical.HierarchicalTestExecutor.execute(HierarchicalTestExecutor.java:57) ~[junit-platform-engine-1.8.2.jar:1.8.2]
	at org.junit.platform.engine.support.hierarchical.HierarchicalTestEngine.execute(HierarchicalTestEngine.java:54) ~[junit-platform-engine-1.8.2.jar:1.8.2]
	at org.junit.platform.launcher.core.EngineExecutionOrchestrator.execute(EngineExecutionOrchestrator.java:107) ~[junit-platform-launcher-1.8.2.jar:1.8.2]
	at org.junit.platform.launcher.core.EngineExecutionOrchestrator.execute(EngineExecutionOrchestrator.java:88) ~[junit-platform-launcher-1.8.2.jar:1.8.2]
	at org.junit.platform.launcher.core.EngineExecutionOrchestrator.lambda$execute$0(EngineExecutionOrchestrator.java:54) ~[junit-platform-launcher-1.8.2.jar:1.8.2]
	at org.junit.platform.launcher.core.EngineExecutionOrchestrator.withInterceptedStreams(EngineExecutionOrchestrator.java:67) ~[junit-platform-launcher-1.8.2.jar:1.8.2]
	at org.junit.platform.launcher.core.EngineExecutionOrchestrator.execute(EngineExecutionOrchestrator.java:52) ~[junit-platform-launcher-1.8.2.jar:1.8.2]
	at org.junit.platform.launcher.core.DefaultLauncher.execute(DefaultLauncher.java:114) ~[junit-platform-launcher-1.8.2.jar:1.8.2]
	at org.junit.platform.launcher.core.DefaultLauncher.execute(DefaultLauncher.java:86) ~[junit-platform-launcher-1.8.2.jar:1.8.2]
	at org.junit.platform.launcher.core.DefaultLauncherSession$DelegatingLauncher.execute(DefaultLauncherSession.java:86) ~[junit-platform-launcher-1.8.2.jar:1.8.2]
	at org.junit.platform.launcher.core.SessionPerRequestLauncher.execute(SessionPerRequestLauncher.java:53) ~[junit-platform-launcher-1.8.2.jar:1.8.2]
	at org.apache.maven.surefire.junitplatform.JUnitPlatformProvider.execute(JUnitPlatformProvider.java:188) ~[surefire-junit-platform-3.0.0-M5.jar:3.0.0-M5]
	at org.apache.maven.surefire.junitplatform.JUnitPlatformProvider.invokeAllTests(JUnitPlatformProvider.java:154) ~[surefire-junit-platform-3.0.0-M5.jar:3.0.0-M5]
	at org.apache.maven.surefire.junitplatform.JUnitPlatformProvider.invoke(JUnitPlatformProvider.java:128) ~[surefire-junit-platform-3.0.0-M5.jar:3.0.0-M5]
	at org.apache.maven.surefire.booter.ForkedBooter.runSuitesInProcess(ForkedBooter.java:428) ~[surefire-booter-3.0.0-M5.jar:3.0.0-M5]
	at org.apache.maven.surefire.booter.ForkedBooter.execute(ForkedBooter.java:162) ~[surefire-booter-3.0.0-M5.jar:3.0.0-M5]
	at org.apache.maven.surefire.booter.ForkedBooter.run(ForkedBooter.java:562) ~[surefire-booter-3.0.0-M5.jar:3.0.0-M5]
	at org.apache.maven.surefire.booter.ForkedBooter.main(ForkedBooter.java:548) ~[surefire-booter-3.0.0-M5.jar:3.0.0-M5]
Caused by: java.sql.SQLSyntaxErrorException: You have an error in your SQL syntax; check the manual that corresponds to your MySQL server version for the right syntax to use near 'read bit not null, sent bit not null, sent_at datetime(6), title varchar(255) no' at line 1
	at com.mysql.cj.jdbc.exceptions.SQLError.createSQLException(SQLError.java:120) ~[mysql-connector-j-8.0.32.jar:8.0.32]
	at com.mysql.cj.jdbc.exceptions.SQLExceptionsMapping.translateException(SQLExceptionsMapping.java:122) ~[mysql-connector-j-8.0.32.jar:8.0.32]
	at com.mysql.cj.jdbc.StatementImpl.executeInternal(StatementImpl.java:763) ~[mysql-connector-j-8.0.32.jar:8.0.32]
	at com.mysql.cj.jdbc.StatementImpl.execute(StatementImpl.java:648) ~[mysql-connector-j-8.0.32.jar:8.0.32]
	at com.zaxxer.hikari.pool.ProxyStatement.execute(ProxyStatement.java:94) ~[HikariCP-4.0.3.jar:na]
	at com.zaxxer.hikari.pool.HikariProxyStatement.execute(HikariProxyStatement.java) ~[HikariCP-4.0.3.jar:na]
	at org.hibernate.tool.schema.internal.exec.GenerationTargetToDatabase.accept(GenerationTargetToDatabase.java:54) ~[hibernate-core-5.6.15.Final.jar:5.6.15.Final]
	... 105 common frames omitted

Hibernate: alter table notifications add constraint FK9y21adhxn0ayjhfocscqox7bh foreign key (user_id) references users (id)
2025-09-06 18:56:17.867  WARN 1120 --- [           main] o.h.t.s.i.ExceptionHandlerLoggedImpl     : GenerationTarget encountered exception accepting command : Error executing DDL "alter table notifications add constraint FK9y21adhxn0ayjhfocscqox7bh foreign key (user_id) references users (id)" via JDBC Statement

org.hibernate.tool.schema.spi.CommandAcceptanceException: Error executing DDL "alter table notifications add constraint FK9y21adhxn0ayjhfocscqox7bh foreign key (user_id) references users (id)" via JDBC Statement
	at org.hibernate.tool.schema.internal.exec.GenerationTargetToDatabase.accept(GenerationTargetToDatabase.java:67) ~[hibernate-core-5.6.15.Final.jar:5.6.15.Final]
	at org.hibernate.tool.schema.internal.AbstractSchemaMigrator.applySqlString(AbstractSchemaMigrator.java:581) ~[hibernate-core-5.6.15.Final.jar:5.6.15.Final]
	at org.hibernate.tool.schema.internal.AbstractSchemaMigrator.applySqlStrings(AbstractSchemaMigrator.java:526) ~[hibernate-core-5.6.15.Final.jar:5.6.15.Final]
	at org.hibernate.tool.schema.internal.AbstractSchemaMigrator.applyForeignKeys(AbstractSchemaMigrator.java:452) ~[hibernate-core-5.6.15.Final.jar:5.6.15.Final]
	at org.hibernate.tool.schema.internal.AbstractSchemaMigrator.performMigration(AbstractSchemaMigrator.java:263) ~[hibernate-core-5.6.15.Final.jar:5.6.15.Final]
	at org.hibernate.tool.schema.internal.AbstractSchemaMigrator.doMigration(AbstractSchemaMigrator.java:123) ~[hibernate-core-5.6.15.Final.jar:5.6.15.Final]
	at org.hibernate.tool.schema.spi.SchemaManagementToolCoordinator.performDatabaseAction(SchemaManagementToolCoordinator.java:196) ~[hibernate-core-5.6.15.Final.jar:5.6.15.Final]
	at org.hibernate.tool.schema.spi.SchemaManagementToolCoordinator.process(SchemaManagementToolCoordinator.java:85) ~[hibernate-core-5.6.15.Final.jar:5.6.15.Final]
	at org.hibernate.internal.SessionFactoryImpl.<init>(SessionFactoryImpl.java:335) ~[hibernate-core-5.6.15.Final.jar:5.6.15.Final]
	at org.hibernate.boot.internal.SessionFactoryBuilderImpl.build(SessionFactoryBuilderImpl.java:471) ~[hibernate-core-5.6.15.Final.jar:5.6.15.Final]
	at org.hibernate.jpa.boot.internal.EntityManagerFactoryBuilderImpl.build(EntityManagerFactoryBuilderImpl.java:1498) ~[hibernate-core-5.6.15.Final.jar:5.6.15.Final]
	at org.springframework.orm.jpa.vendor.SpringHibernateJpaPersistenceProvider.createContainerEntityManagerFactory(SpringHibernateJpaPersistenceProvider.java:58) ~[spring-orm-5.3.29.jar:5.3.29]
	at org.springframework.orm.jpa.LocalContainerEntityManagerFactoryBean.createNativeEntityManagerFactory(LocalContainerEntityManagerFactoryBean.java:365) ~[spring-orm-5.3.29.jar:5.3.29]
	at org.springframework.orm.jpa.AbstractEntityManagerFactoryBean.buildNativeEntityManagerFactory(AbstractEntityManagerFactoryBean.java:409) ~[spring-orm-5.3.29.jar:5.3.29]
	at org.springframework.orm.jpa.AbstractEntityManagerFactoryBean.afterPropertiesSet(AbstractEntityManagerFactoryBean.java:396) ~[spring-orm-5.3.29.jar:5.3.29]
	at org.springframework.orm.jpa.LocalContainerEntityManagerFactoryBean.afterPropertiesSet(LocalContainerEntityManagerFactoryBean.java:341) ~[spring-orm-5.3.29.jar:5.3.29]
	at org.springframework.beans.factory.support.AbstractAutowireCapableBeanFactory.invokeInitMethods(AbstractAutowireCapableBeanFactory.java:1863) ~[spring-beans-5.3.29.jar:5.3.29]
	at org.springframework.beans.factory.support.AbstractAutowireCapableBeanFactory.initializeBean(AbstractAutowireCapableBeanFactory.java:1800) ~[spring-beans-5.3.29.jar:5.3.29]
	at org.springframework.beans.factory.support.AbstractAutowireCapableBeanFactory.doCreateBean(AbstractAutowireCapableBeanFactory.java:620) ~[spring-beans-5.3.29.jar:5.3.29]
	at org.springframework.beans.factory.support.AbstractAutowireCapableBeanFactory.createBean(AbstractAutowireCapableBeanFactory.java:542) ~[spring-beans-5.3.29.jar:5.3.29]
	at org.springframework.beans.factory.support.AbstractBeanFactory.lambda$doGetBean$0(AbstractBeanFactory.java:335) ~[spring-beans-5.3.29.jar:5.3.29]
	at org.springframework.beans.factory.support.DefaultSingletonBeanRegistry.getSingleton(DefaultSingletonBeanRegistry.java:234) ~[spring-beans-5.3.29.jar:5.3.29]
	at org.springframework.beans.factory.support.AbstractBeanFactory.doGetBean(AbstractBeanFactory.java:333) ~[spring-beans-5.3.29.jar:5.3.29]
	at org.springframework.beans.factory.support.AbstractBeanFactory.getBean(AbstractBeanFactory.java:208) ~[spring-beans-5.3.29.jar:5.3.29]
	at org.springframework.context.support.AbstractApplicationContext.getBean(AbstractApplicationContext.java:1157) ~[spring-context-5.3.29.jar:5.3.29]
	at org.springframework.context.support.AbstractApplicationContext.finishBeanFactoryInitialization(AbstractApplicationContext.java:911) ~[spring-context-5.3.29.jar:5.3.29]
	at org.springframework.context.support.AbstractApplicationContext.refresh(AbstractApplicationContext.java:583) ~[spring-context-5.3.29.jar:5.3.29]
	at org.springframework.boot.SpringApplication.refresh(SpringApplication.java:731) ~[spring-boot-2.7.14.jar:2.7.14]
	at org.springframework.boot.SpringApplication.refreshContext(SpringApplication.java:408) ~[spring-boot-2.7.14.jar:2.7.14]
	at org.springframework.boot.SpringApplication.run(SpringApplication.java:307) ~[spring-boot-2.7.14.jar:2.7.14]
	at org.springframework.boot.test.context.SpringBootContextLoader.loadContext(SpringBootContextLoader.java:136) ~[spring-boot-test-2.7.14.jar:2.7.14]
	at org.springframework.test.context.cache.DefaultCacheAwareContextLoaderDelegate.loadContextInternal(DefaultCacheAwareContextLoaderDelegate.java:141) ~[spring-test-5.3.29.jar:5.3.29]
	at org.springframework.test.context.cache.DefaultCacheAwareContextLoaderDelegate.loadContext(DefaultCacheAwareContextLoaderDelegate.java:90) ~[spring-test-5.3.29.jar:5.3.29]
	at org.springframework.test.context.support.DefaultTestContext.getApplicationContext(DefaultTestContext.java:124) ~[spring-test-5.3.29.jar:5.3.29]
	at org.springframework.test.context.web.ServletTestExecutionListener.setUpRequestContextIfNecessary(ServletTestExecutionListener.java:190) ~[spring-test-5.3.29.jar:5.3.29]
	at org.springframework.test.context.web.ServletTestExecutionListener.prepareTestInstance(ServletTestExecutionListener.java:132) ~[spring-test-5.3.29.jar:5.3.29]
	at org.springframework.test.context.TestContextManager.prepareTestInstance(TestContextManager.java:248) ~[spring-test-5.3.29.jar:5.3.29]
	at org.springframework.test.context.junit.jupiter.SpringExtension.postProcessTestInstance(SpringExtension.java:138) ~[spring-test-5.3.29.jar:5.3.29]
	at org.junit.jupiter.engine.descriptor.ClassBasedTestDescriptor.lambda$invokeTestInstancePostProcessors$8(ClassBasedTestDescriptor.java:363) ~[junit-jupiter-engine-5.8.2.jar:5.8.2]
	at org.junit.jupiter.engine.descriptor.ClassBasedTestDescriptor.executeAndMaskThrowable(ClassBasedTestDescriptor.java:368) ~[junit-jupiter-engine-5.8.2.jar:5.8.2]
	at org.junit.jupiter.engine.descriptor.ClassBasedTestDescriptor.lambda$invokeTestInstancePostProcessors$9(ClassBasedTestDescriptor.java:363) ~[junit-jupiter-engine-5.8.2.jar:5.8.2]
	at java.base/java.util.stream.ReferencePipeline$3$1.accept(ReferencePipeline.java:197) ~[na:na]
	at java.base/java.util.stream.ReferencePipeline$2$1.accept(ReferencePipeline.java:179) ~[na:na]
	at java.base/java.util.ArrayList$ArrayListSpliterator.forEachRemaining(ArrayList.java:1625) ~[na:na]
	at java.base/java.util.stream.AbstractPipeline.copyInto(AbstractPipeline.java:509) ~[na:na]
	at java.base/java.util.stream.AbstractPipeline.wrapAndCopyInto(AbstractPipeline.java:499) ~[na:na]
	at java.base/java.util.stream.StreamSpliterators$WrappingSpliterator.forEachRemaining(StreamSpliterators.java:310) ~[na:na]
	at java.base/java.util.stream.Streams$ConcatSpliterator.forEachRemaining(Streams.java:735) ~[na:na]
	at java.base/java.util.stream.Streams$ConcatSpliterator.forEachRemaining(Streams.java:734) ~[na:na]
	at java.base/java.util.stream.ReferencePipeline$Head.forEach(ReferencePipeline.java:762) ~[na:na]
	at org.junit.jupiter.engine.descriptor.ClassBasedTestDescriptor.invokeTestInstancePostProcessors(ClassBasedTestDescriptor.java:362) ~[junit-jupiter-engine-5.8.2.jar:5.8.2]
	at org.junit.jupiter.engine.descriptor.ClassBasedTestDescriptor.lambda$instantiateAndPostProcessTestInstance$6(ClassBasedTestDescriptor.java:283) ~[junit-jupiter-engine-5.8.2.jar:5.8.2]
	at org.junit.platform.engine.support.hierarchical.ThrowableCollector.execute(ThrowableCollector.java:73) ~[junit-platform-engine-1.8.2.jar:1.8.2]
	at org.junit.jupiter.engine.descriptor.ClassBasedTestDescriptor.instantiateAndPostProcessTestInstance(ClassBasedTestDescriptor.java:282) ~[junit-jupiter-engine-5.8.2.jar:5.8.2]
	at org.junit.jupiter.engine.descriptor.ClassBasedTestDescriptor.lambda$testInstancesProvider$4(ClassBasedTestDescriptor.java:272) ~[junit-jupiter-engine-5.8.2.jar:5.8.2]
	at java.base/java.util.Optional.orElseGet(Optional.java:364) ~[na:na]
	at org.junit.jupiter.engine.descriptor.ClassBasedTestDescriptor.lambda$testInstancesProvider$5(ClassBasedTestDescriptor.java:271) ~[junit-jupiter-engine-5.8.2.jar:5.8.2]
	at org.junit.jupiter.engine.execution.TestInstancesProvider.getTestInstances(TestInstancesProvider.java:31) ~[junit-jupiter-engine-5.8.2.jar:5.8.2]
	at org.junit.jupiter.engine.descriptor.TestMethodTestDescriptor.lambda$prepare$0(TestMethodTestDescriptor.java:102) ~[junit-jupiter-engine-5.8.2.jar:5.8.2]
	at org.junit.platform.engine.support.hierarchical.ThrowableCollector.execute(ThrowableCollector.java:73) ~[junit-platform-engine-1.8.2.jar:1.8.2]
	at org.junit.jupiter.engine.descriptor.TestMethodTestDescriptor.prepare(TestMethodTestDescriptor.java:101) ~[junit-jupiter-engine-5.8.2.jar:5.8.2]
	at org.junit.jupiter.engine.descriptor.TestMethodTestDescriptor.prepare(TestMethodTestDescriptor.java:66) ~[junit-jupiter-engine-5.8.2.jar:5.8.2]
	at org.junit.platform.engine.support.hierarchical.NodeTestTask.lambda$prepare$2(NodeTestTask.java:123) ~[junit-platform-engine-1.8.2.jar:1.8.2]
	at org.junit.platform.engine.support.hierarchical.ThrowableCollector.execute(ThrowableCollector.java:73) ~[junit-platform-engine-1.8.2.jar:1.8.2]
	at org.junit.platform.engine.support.hierarchical.NodeTestTask.prepare(NodeTestTask.java:123) ~[junit-platform-engine-1.8.2.jar:1.8.2]
	at org.junit.platform.engine.support.hierarchical.NodeTestTask.execute(NodeTestTask.java:90) ~[junit-platform-engine-1.8.2.jar:1.8.2]
	at java.base/java.util.ArrayList.forEach(ArrayList.java:1511) ~[na:na]
	at org.junit.platform.engine.support.hierarchical.SameThreadHierarchicalTestExecutorService.invokeAll(SameThreadHierarchicalTestExecutorService.java:41) ~[junit-platform-engine-1.8.2.jar:1.8.2]
	at org.junit.platform.engine.support.hierarchical.NodeTestTask.lambda$executeRecursively$6(NodeTestTask.java:155) ~[junit-platform-engine-1.8.2.jar:1.8.2]
	at org.junit.platform.engine.support.hierarchical.ThrowableCollector.execute(ThrowableCollector.java:73) ~[junit-platform-engine-1.8.2.jar:1.8.2]
	at org.junit.platform.engine.support.hierarchical.NodeTestTask.lambda$executeRecursively$8(NodeTestTask.java:141) ~[junit-platform-engine-1.8.2.jar:1.8.2]
	at org.junit.platform.engine.support.hierarchical.Node.around(Node.java:137) ~[junit-platform-engine-1.8.2.jar:1.8.2]
	at org.junit.platform.engine.support.hierarchical.NodeTestTask.lambda$executeRecursively$9(NodeTestTask.java:139) ~[junit-platform-engine-1.8.2.jar:1.8.2]
	at org.junit.platform.engine.support.hierarchical.ThrowableCollector.execute(ThrowableCollector.java:73) ~[junit-platform-engine-1.8.2.jar:1.8.2]
	at org.junit.platform.engine.support.hierarchical.NodeTestTask.executeRecursively(NodeTestTask.java:138) ~[junit-platform-engine-1.8.2.jar:1.8.2]
	at org.junit.platform.engine.support.hierarchical.NodeTestTask.execute(NodeTestTask.java:95) ~[junit-platform-engine-1.8.2.jar:1.8.2]
	at java.base/java.util.ArrayList.forEach(ArrayList.java:1511) ~[na:na]
	at org.junit.platform.engine.support.hierarchical.SameThreadHierarchicalTestExecutorService.invokeAll(SameThreadHierarchicalTestExecutorService.java:41) ~[junit-platform-engine-1.8.2.jar:1.8.2]
	at org.junit.platform.engine.support.hierarchical.NodeTestTask.lambda$executeRecursively$6(NodeTestTask.java:155) ~[junit-platform-engine-1.8.2.jar:1.8.2]
	at org.junit.platform.engine.support.hierarchical.ThrowableCollector.execute(ThrowableCollector.java:73) ~[junit-platform-engine-1.8.2.jar:1.8.2]
	at org.junit.platform.engine.support.hierarchical.NodeTestTask.lambda$executeRecursively$8(NodeTestTask.java:141) ~[junit-platform-engine-1.8.2.jar:1.8.2]
	at org.junit.platform.engine.support.hierarchical.Node.around(Node.java:137) ~[junit-platform-engine-1.8.2.jar:1.8.2]
	at org.junit.platform.engine.support.hierarchical.NodeTestTask.lambda$executeRecursively$9(NodeTestTask.java:139) ~[junit-platform-engine-1.8.2.jar:1.8.2]
	at org.junit.platform.engine.support.hierarchical.ThrowableCollector.execute(ThrowableCollector.java:73) ~[junit-platform-engine-1.8.2.jar:1.8.2]
	at org.junit.platform.engine.support.hierarchical.NodeTestTask.executeRecursively(NodeTestTask.java:138) ~[junit-platform-engine-1.8.2.jar:1.8.2]
	at org.junit.platform.engine.support.hierarchical.NodeTestTask.execute(NodeTestTask.java:95) ~[junit-platform-engine-1.8.2.jar:1.8.2]
	at org.junit.platform.engine.support.hierarchical.SameThreadHierarchicalTestExecutorService.submit(SameThreadHierarchicalTestExecutorService.java:35) ~[junit-platform-engine-1.8.2.jar:1.8.2]
	at org.junit.platform.engine.support.hierarchical.HierarchicalTestExecutor.execute(HierarchicalTestExecutor.java:57) ~[junit-platform-engine-1.8.2.jar:1.8.2]
	at org.junit.platform.engine.support.hierarchical.HierarchicalTestEngine.execute(HierarchicalTestEngine.java:54) ~[junit-platform-engine-1.8.2.jar:1.8.2]
	at org.junit.platform.launcher.core.EngineExecutionOrchestrator.execute(EngineExecutionOrchestrator.java:107) ~[junit-platform-launcher-1.8.2.jar:1.8.2]
	at org.junit.platform.launcher.core.EngineExecutionOrchestrator.execute(EngineExecutionOrchestrator.java:88) ~[junit-platform-launcher-1.8.2.jar:1.8.2]
	at org.junit.platform.launcher.core.EngineExecutionOrchestrator.lambda$execute$0(EngineExecutionOrchestrator.java:54) ~[junit-platform-launcher-1.8.2.jar:1.8.2]
	at org.junit.platform.launcher.core.EngineExecutionOrchestrator.withInterceptedStreams(EngineExecutionOrchestrator.java:67) ~[junit-platform-launcher-1.8.2.jar:1.8.2]
	at org.junit.platform.launcher.core.EngineExecutionOrchestrator.execute(EngineExecutionOrchestrator.java:52) ~[junit-platform-launcher-1.8.2.jar:1.8.2]
	at org.junit.platform.launcher.core.DefaultLauncher.execute(DefaultLauncher.java:114) ~[junit-platform-launcher-1.8.2.jar:1.8.2]
	at org.junit.platform.launcher.core.DefaultLauncher.execute(DefaultLauncher.java:86) ~[junit-platform-launcher-1.8.2.jar:1.8.2]
	at org.junit.platform.launcher.core.DefaultLauncherSession$DelegatingLauncher.execute(DefaultLauncherSession.java:86) ~[junit-platform-launcher-1.8.2.jar:1.8.2]
	at org.junit.platform.launcher.core.SessionPerRequestLauncher.execute(SessionPerRequestLauncher.java:53) ~[junit-platform-launcher-1.8.2.jar:1.8.2]
	at org.apache.maven.surefire.junitplatform.JUnitPlatformProvider.execute(JUnitPlatformProvider.java:188) ~[surefire-junit-platform-3.0.0-M5.jar:3.0.0-M5]
	at org.apache.maven.surefire.junitplatform.JUnitPlatformProvider.invokeAllTests(JUnitPlatformProvider.java:154) ~[surefire-junit-platform-3.0.0-M5.jar:3.0.0-M5]
	at org.apache.maven.surefire.junitplatform.JUnitPlatformProvider.invoke(JUnitPlatformProvider.java:128) ~[surefire-junit-platform-3.0.0-M5.jar:3.0.0-M5]
	at org.apache.maven.surefire.booter.ForkedBooter.runSuitesInProcess(ForkedBooter.java:428) ~[surefire-booter-3.0.0-M5.jar:3.0.0-M5]
	at org.apache.maven.surefire.booter.ForkedBooter.execute(ForkedBooter.java:162) ~[surefire-booter-3.0.0-M5.jar:3.0.0-M5]
	at org.apache.maven.surefire.booter.ForkedBooter.run(ForkedBooter.java:562) ~[surefire-booter-3.0.0-M5.jar:3.0.0-M5]
	at org.apache.maven.surefire.booter.ForkedBooter.main(ForkedBooter.java:548) ~[surefire-booter-3.0.0-M5.jar:3.0.0-M5]
Caused by: java.sql.SQLSyntaxErrorException: Table 'appdb.notifications' doesn't exist
	at com.mysql.cj.jdbc.exceptions.SQLError.createSQLException(SQLError.java:120) ~[mysql-connector-j-8.0.32.jar:8.0.32]
	at com.mysql.cj.jdbc.exceptions.SQLExceptionsMapping.translateException(SQLExceptionsMapping.java:122) ~[mysql-connector-j-8.0.32.jar:8.0.32]
	at com.mysql.cj.jdbc.StatementImpl.executeInternal(StatementImpl.java:763) ~[mysql-connector-j-8.0.32.jar:8.0.32]
	at com.mysql.cj.jdbc.StatementImpl.execute(StatementImpl.java:648) ~[mysql-connector-j-8.0.32.jar:8.0.32]
	at com.zaxxer.hikari.pool.ProxyStatement.execute(ProxyStatement.java:94) ~[HikariCP-4.0.3.jar:na]
	at com.zaxxer.hikari.pool.HikariProxyStatement.execute(HikariProxyStatement.java) ~[HikariCP-4.0.3.jar:na]
	at org.hibernate.tool.schema.internal.exec.GenerationTargetToDatabase.accept(GenerationTargetToDatabase.java:54) ~[hibernate-core-5.6.15.Final.jar:5.6.15.Final]
	... 104 common frames omitted

2025-09-06 18:56:17.869  INFO 1120 --- [           main] o.h.e.t.j.p.i.JtaPlatformInitiator       : HHH000490: Using JtaPlatform implementation: [org.hibernate.engine.transaction.jta.platform.internal.NoJtaPlatform]
2025-09-06 18:56:17.877  INFO 1120 --- [           main] j.LocalContainerEntityManagerFactoryBean : Initialized JPA EntityManagerFactory for persistence unit 'default'
2025-09-06 18:56:18.359  WARN 1120 --- [           main] JpaBaseConfiguration$JpaWebConfiguration : spring.jpa.open-in-view is enabled by default. Therefore, database queries may be performed during view rendering. Explicitly configure spring.jpa.open-in-view to disable this warning
2025-09-06 18:56:18.478  WARN 1120 --- [           main] .s.s.UserDetailsServiceAutoConfiguration : 

Using generated security password: dd38d6ff-2309-4285-8621-d35b10d87b6d

This generated password is for development use only. Your security configuration must be updated before running your application in production.

2025-09-06 18:56:18.895  INFO 1120 --- [           main] o.s.s.web.DefaultSecurityFilterChain     : Will secure any request with [org.springframework.security.web.session.DisableEncodeUrlFilter@5feaafb3, org.springframework.security.web.context.request.async.WebAsyncManagerIntegrationFilter@20a46227, org.springframework.security.web.context.SecurityContextPersistenceFilter@4bac0be5, org.springframework.security.web.header.HeaderWriterFilter@1add90e0, org.springframework.web.filter.CorsFilter@669469c9, org.springframework.security.web.authentication.logout.LogoutFilter@11cdf948, org.springframework.security.web.savedrequest.RequestCacheAwareFilter@2ad6895a, org.springframework.security.web.servletapi.SecurityContextHolderAwareRequestFilter@3ea1729e, org.springframework.security.web.authentication.AnonymousAuthenticationFilter@7f39ad3f, org.springframework.security.web.session.SessionManagementFilter@52fe87e0, org.springframework.security.web.access.ExceptionTranslationFilter@296a71df, org.springframework.security.web.access.intercept.FilterSecurityInterceptor@5dff108c]
2025-09-06 18:56:19.307  INFO 1120 --- [           main] o.s.b.t.m.w.SpringBootMockServletContext : Initializing Spring TestDispatcherServlet ''
2025-09-06 18:56:19.308  INFO 1120 --- [           main] o.s.t.web.servlet.TestDispatcherServlet  : Initializing Servlet ''
2025-09-06 18:56:19.309  INFO 1120 --- [           main] o.s.t.web.servlet.TestDispatcherServlet  : Completed initialization in 1 ms
[2025-09-06T18:56:19.327214572] User logged in
2025-09-06 18:56:19.329  INFO 1120 --- [           main] c.e.springapp.SpringappApplicationTests  : Started SpringappApplicationTests in 4.18 seconds (JVM running for 4.937)
Hibernate: insert into tutor (experience, name, phone_number, qualification, subject) values (?, ?, ?, ?, ?)
Hibernate: select tutor0_.id as id1_5_, tutor0_.experience as experien2_5_, tutor0_.name as name3_5_, tutor0_.phone_number as phone_nu4_5_, tutor0_.qualification as qualific5_5_, tutor0_.subject as subject6_5_ from tutor tutor0_
]]></system-out>
  </testcase>
  <testcase name="test_TutorRepo_Extends_JpaRepository" classname="com.examly.springapp.SpringappApplicationTests" time="0.004">
    <system-out><![CDATA[Hibernate: select tutor0_.id as id1_5_0_, tutor0_.experience as experien2_5_0_, tutor0_.name as name3_5_0_, tutor0_.phone_number as phone_nu4_5_0_, tutor0_.qualification as qualific5_5_0_, tutor0_.subject as subject6_5_0_ from tutor tutor0_ where tutor0_.id=?
]]></system-out>
  </testcase>
  <testcase name="test_InvalidExperienceException_Extends_RuntimeException" classname="com.examly.springapp.SpringappApplicationTests" time="0.003"/>
  <testcase name="test_Repository_Folder_Exists" classname="com.examly.springapp.SpringappApplicationTests" time="0.003">
    <system-out><![CDATA[Hibernate: update tutor set experience=?, name=?, phone_number=?, qualification=?, subject=? where id=?
]]></system-out>
  </testcase>
  <testcase name="test_Add_Tutor" classname="com.examly.springapp.SpringappApplicationTests" time="0.128">
    <system-out><![CDATA[Hibernate: insert into tutor (experience, name, phone_number, qualification, subject) values (?, ?, ?, ?, ?)
]]></system-out>
  </testcase>
  <testcase name="test_Service_Folder_Exists" classname="com.examly.springapp.SpringappApplicationTests" time="0.003"/>
  <testcase name="test_TutorModel_Class_Exists" classname="com.examly.springapp.SpringappApplicationTests" time="0.003"/>
  <testcase name="test_Add_Tutor_With_Invalid_Experience" classname="com.examly.springapp.SpringappApplicationTests" time="0.028"/>
  <testcase name="test_Tutor_Model_Has_phoneNumber_Field" classname="com.examly.springapp.SpringappApplicationTests" time="0.003"/>
  <testcase name="test_Tutor_Model_Has_qualification_Field" classname="com.examly.springapp.SpringappApplicationTests" time="0.002"/>
  <testcase name="test_TutorController_File_Exists" classname="com.examly.springapp.SpringappApplicationTests" time="0.002"/>
  <testcase name="test_Tutor_File_Exists" classname="com.examly.springapp.SpringappApplicationTests" time="0.002"/>
  <testcase name="test_CorsConfiguration_Class_Exists" classname="com.examly.springapp.SpringappApplicationTests" time="0.003"/>
  <testcase name="test_Tutor_Model_Has_name_Field" classname="com.examly.springapp.SpringappApplicationTests" time="0.003"/>
  <testcase name="test_Tutor_Model_Has_subject_Field" classname="com.examly.springapp.SpringappApplicationTests" time="0.002"/>
  <testcase name="test_TutorService_Class_Exists" classname="com.examly.springapp.SpringappApplicationTests" time="0.002"/>
  <testcase name="test_Controller_Directory_Exists" classname="com.examly.springapp.SpringappApplicationTests" time="0.002"/>
  <testcase name="test_Model_Directory_Exists" classname="com.examly.springapp.SpringappApplicationTests" time="0.002"/>
  <testcase name="test_InvalidExperienceException_Class_Exists" classname="com.examly.springapp.SpringappApplicationTests" time="0.002"/>
  <testcase name="test_Get_AllTutors" classname="com.examly.springapp.SpringappApplicationTests" time="0.056">
    <system-out><![CDATA[Hibernate: select tutor0_.id as id1_5_, tutor0_.experience as experien2_5_, tutor0_.name as name3_5_, tutor0_.phone_number as phone_nu4_5_, tutor0_.qualification as qualific5_5_, tutor0_.subject as subject6_5_ from tutor tutor0_

MockHttpServletRequest:
      HTTP Method = GET
      Request URI = /getAllTutors
       Parameters = {}
          Headers = [Accept:"application/json"]
             Body = null
    Session Attrs = {}

Handler:
             Type = com.examly.springapp.controller.TutorController
           Method = com.examly.springapp.controller.TutorController#getAllTutors()

Async:
    Async started = false
     Async result = null

Resolved Exception:
             Type = null

ModelAndView:
        View name = null
             View = null
            Model = null

FlashMap:
       Attributes = null

MockHttpServletResponse:
           Status = 200
    Error message = null
          Headers = [Vary:"Origin", "Access-Control-Request-Method", "Access-Control-Request-Headers", Content-Type:"application/json", X-Content-Type-Options:"nosniff", X-XSS-Protection:"1; mode=block", Cache-Control:"no-cache, no-store, max-age=0, must-revalidate", Pragma:"no-cache", Expires:"0", X-Frame-Options:"DENY"]
     Content type = application/json
             Body = [{"id":1,"name":"Z900","qualification":"phd","subject":"Biology","experience":7,"phoneNumber":"7806869597"},{"id":2,"name":"Z900","qualification":"phd","subject":"Biology","experience":10,"phoneNumber":"7806869597"},{"id":3,"name":"John Doe","qualification":"MSc in Mathematics","subject":"Math","experience":8,"phoneNumber":"9876543210"},{"id":4,"name":"John Doe","qualification":"MSc in Mathematics","subject":"Math","experience":6,"phoneNumber":"9876543210"},{"id":5,"name":"John Doe","qualification":"MSc in Mathematics","subject":"Math","experience":7,"phoneNumber":"9876543210"},{"id":6,"name":"Sangar","qualification":"bsc","subject":"chemistry","experience":4,"phoneNumber":"9025239186"},{"id":7,"name":"Jothi Mam","qualification":"mtech","subject":"Biology","experience":7,"phoneNumber":"7806869597"},{"id":8,"name":"Garima mam","qualification":"phd","subject":"computer science","experience":10,"phoneNumber":"9787512782"},{"id":9,"name":"Natesh","qualification":"mtech","subject":"Biology","experience":5,"phoneNumber":"9787512782"},{"id":10,"name":"Z900","qualification":"phd","subject":"Biology","experience":8,"phoneNumber":"7806869597"},{"id":11,"name":"John Doe","qualification":"MSc in Mathematics","subject":"Math","experience":5,"phoneNumber":"9876543210"},{"id":12,"name":"John Doe","qualification":"MSc in Mathematics","subject":"Math","experience":11,"phoneNumber":"9876543210"},{"id":13,"name":"John Doe","qualification":"MSc in Mathematics","subject":"Math","experience":5,"phoneNumber":"9876543210"},{"id":14,"name":"John Doe","qualification":"MSc in Mathematics","subject":"Math","experience":5,"phoneNumber":"9876543210"},{"id":15,"name":"John Doe","qualification":"MSc in Mathematics","subject":"Math","experience":6,"phoneNumber":"9876543210"},{"id":16,"name":"John Doe","qualification":"MSc in Mathematics","subject":"Math","experience":6,"phoneNumber":"9876543210"},{"id":17,"name":"John Doe","qualification":"MSc in Mathematics","subject":"Math","experience":6,"phoneNumber":"9876543210"},{"id":18,"name":"John Doe","qualification":"MSc in Mathematics","subject":"Math","experience":6,"phoneNumber":"9876543210"},{"id":19,"name":"John Doe","qualification":"MSc in Mathematics","subject":"Math","experience":9,"phoneNumber":"9876543210"},{"id":20,"name":"John Doe","qualification":"MSc in Mathematics","subject":"Math","experience":9,"phoneNumber":"9876543210"},{"id":21,"name":"John Doe","qualification":"MSc in Mathematics","subject":"Math","experience":5,"phoneNumber":"9876543210"},{"id":22,"name":"John Doe","qualification":"MSc in Mathematics","subject":"Math","experience":5,"phoneNumber":"9876543210"},{"id":23,"name":"John Doe","qualification":"MSc in Mathematics","subject":"Math","experience":10,"phoneNumber":"9876543210"},{"id":24,"name":"John Doe","qualification":"MSc in Mathematics","subject":"Math","experience":6,"phoneNumber":"9876543210"},{"id":25,"name":"John Doe","qualification":"MSc in Mathematics","subject":"Math","experience":7,"phoneNumber":"9876543210"},{"id":26,"name":"John Doe","qualification":"MSc in Mathematics","subject":"Math","experience":6,"phoneNumber":"9876543210"},{"id":27,"name":"John Doe","qualification":"MSc in Mathematics","subject":"Math","experience":8,"phoneNumber":"9876543210"},{"id":28,"name":"John Doe","qualification":"MSc in Mathematics","subject":"Math","experience":7,"phoneNumber":"9876543210"},{"id":29,"name":"Lisa Brown","qualification":"BA","subject":"Math","experience":2,"phoneNumber":"5559355700"},{"id":30,"name":"Emma Davis","qualification":"MSc","subject":"Physics","experience":8,"phoneNumber":"5551583017"},{"id":31,"name":"Emma Davis","qualification":"BSc","subject":"Math","experience":8,"phoneNumber":"5551113305"},{"id":32,"name":"Mike Chen","qualification":"MSc","subject":"History","experience":5,"phoneNumber":"5552036291"},{"id":33,"name":"Alex Johnson","qualification":"BA","subject":"Math","experience":3,"phoneNumber":"5550497800"},{"id":34,"name":"Lisa Brown","qualification":"PhD","subject":"History","experience":4,"phoneNumber":"5558287091"},{"id":35,"name":"Sarah Wilson","qualification":"BA","subject":"Biology","experience":3,"phoneNumber":"5550797007"},{"id":36,"name":"Lisa Brown","qualification":"PhD","subject":"Biology","experience":2,"phoneNumber":"5554425029"},{"id":37,"name":"Sarah Wilson","qualification":"MA","subject":"Physics","experience":7,"phoneNumber":"5558141178"},{"id":38,"name":"John Smith","qualification":"BSc","subject":"Physics","experience":10,"phoneNumber":"5554596405"},{"id":39,"name":"John Smith","qualification":"BA","subject":"English","experience":7,"phoneNumber":"5554358995"},{"id":40,"name":"Emma Davis","qualification":"BA","subject":"Math","experience":9,"phoneNumber":"5559622315"},{"id":41,"name":"Mike Chen","qualification":"BA","subject":"History","experience":5,"phoneNumber":"5550413880"},{"id":42,"name":"Alex Johnson","qualification":"MSc","subject":"Math","experience":13,"phoneNumber":"5558676362"},{"id":43,"name":"John Smith","qualification":"BA","subject":"History","experience":10,"phoneNumber":"5555824880"},{"id":44,"name":"John Smith","qualification":"MSc","subject":"English","experience":10,"phoneNumber":"5552743606"},{"id":45,"name":"Mike Chen","qualification":"MA","subject":"Math","experience":7,"phoneNumber":"5557794798"},{"id":46,"name":"Emma Davis","qualification":"PhD","subject":"English","experience":9,"phoneNumber":"5558825306"},{"id":47,"name":"Emma Davis","qualification":"PhD","subject":"English","experience":8,"phoneNumber":"5557438177"},{"id":48,"name":"Lisa Brown","qualification":"PhD","subject":"Biology","experience":2,"phoneNumber":"5552685596"},{"id":49,"name":"Emma Davis","qualification":"PhD","subject":"English","experience":13,"phoneNumber":"5553506359"},{"id":50,"name":"Alex Johnson","qualification":"MSc","subject":"History","experience":4,"phoneNumber":"5552953660"},{"id":51,"name":"Mike Chen","qualification":"MA","subject":"Physics","experience":5,"phoneNumber":"5559179965"},{"id":52,"name":"Alex Johnson","qualification":"BA","subject":"Biology","experience":7,"phoneNumber":"5551657514"},{"id":53,"name":"Alex Johnson","qualification":"BA","subject":"English","experience":7,"phoneNumber":"5558099701"},{"id":54,"name":"Sarah Wilson","qualification":"MA","subject":"English","experience":4,"phoneNumber":"5551812865"},{"id":55,"name":"Emma Davis","qualification":"MA","subject":"History","experience":9,"phoneNumber":"5559932434"},{"id":56,"name":"John Smith","qualification":"PhD","subject":"History","experience":9,"phoneNumber":"5558973027"},{"id":57,"name":"John Smith","qualification":"BSc","subject":"Math","experience":8,"phoneNumber":"5554732801"},{"id":58,"name":"Lisa Brown","qualification":"PhD","subject":"History","experience":8,"phoneNumber":"5551149807"},{"id":59,"name":"Emma Davis","qualification":"MA","subject":"Math","experience":5,"phoneNumber":"5556035523"},{"id":60,"name":"John Smith","qualification":"MA","subject":"Math","experience":6,"phoneNumber":"5555956013"},{"id":61,"name":"John Smith","qualification":"BSc","subject":"Chemistry","experience":11,"phoneNumber":"5550571240"},{"id":62,"name":"Lisa Brown","qualification":"MA","subject":"Chemistry","experience":7,"phoneNumber":"5553045450"},{"id":63,"name":"Mike Chen","qualification":"MSc","subject":"Math","experience":8,"phoneNumber":"5551722012"},{"id":64,"name":"Mike Chen","qualification":"BA","subject":"History","experience":10,"phoneNumber":"5558757792"},{"id":65,"name":"John Smith","qualification":"MSc","subject":"English","experience":11,"phoneNumber":"5552578567"},{"id":66,"name":"Mike Chen","qualification":"BSc","subject":"English","experience":3,"phoneNumber":"5551648990"},{"id":67,"name":"John Smith","qualification":"MA","subject":"Physics","experience":5,"phoneNumber":"5551909419"},{"id":68,"name":"Lisa Brown","qualification":"MSc","subject":"Chemistry","experience":5,"phoneNumber":"5556208102"},{"id":69,"name":"Sarah Wilson","qualification":"MA","subject":"English","experience":4,"phoneNumber":"5551526926"},{"id":70,"name":"Emma Davis","qualification":"MSc","subject":"Physics","experience":7,"phoneNumber":"5558693572"},{"id":71,"name":"Mike Chen","qualification":"BA","subject":"Physics","experience":2,"phoneNumber":"5552667857"},{"id":72,"name":"Lisa Brown","qualification":"BSc","subject":"Chemistry","experience":8,"phoneNumber":"5558337485"},{"id":73,"name":"Lisa Brown","qualification":"MSc","subject":"Chemistry","experience":8,"phoneNumber":"5552556373"},{"id":74,"name":"Lisa Brown","qualification":"PhD","subject":"Chemistry","experience":6,"phoneNumber":"5550623856"},{"id":75,"name":"Sarah Wilson","qualification":"MSc","subject":"Math","experience":12,"phoneNumber":"5557986444"},{"id":76,"name":"Emma Davis","qualification":"BA","subject":"History","experience":13,"phoneNumber":"5556550963"},{"id":77,"name":"John Smith","qualification":"PhD","subject":"Biology","experience":7,"phoneNumber":"5550288829"},{"id":78,"name":"Mike Chen","qualification":"MSc","subject":"Chemistry","experience":5,"phoneNumber":"5556658755"},{"id":79,"name":"Emma Davis","qualification":"PhD","subject":"Physics","experience":3,"phoneNumber":"5551815256"},{"id":80,"name":"John Smith","qualification":"PhD","subject":"English","experience":3,"phoneNumber":"5559561221"},{"id":81,"name":"John Smith","qualification":"BA","subject":"English","experience":10,"phoneNumber":"5550220082"},{"id":82,"name":"Sarah Wilson","qualification":"BA","subject":"English","experience":11,"phoneNumber":"5552311716"},{"id":83,"name":"John Smith","qualification":"PhD","subject":"History","experience":8,"phoneNumber":"5554933824"},{"id":84,"name":"Alex Johnson","qualification":"MSc","subject":"English","experience":9,"phoneNumber":"5553299282"},{"id":85,"name":"Emma Davis","qualification":"MSc","subject":"Math","experience":4,"phoneNumber":"5556438986"},{"id":86,"name":"Sarah Wilson","qualification":"MSc","subject":"Biology","experience":8,"phoneNumber":"5559776436"},{"id":87,"name":"Alex Johnson","qualification":"BSc","subject":"English","experience":11,"phoneNumber":"5557219836"},{"id":88,"name":"John Smith","qualification":"BSc","subject":"Chemistry","experience":4,"phoneNumber":"5555064705"},{"id":89,"name":"Emma Davis","qualification":"MSc","subject":"English","experience":4,"phoneNumber":"5552466711"},{"id":90,"name":"Emma Davis","qualification":"MSc","subject":"English","experience":7,"phoneNumber":"5550060157"},{"id":91,"name":"Lisa Brown","qualification":"MA","subject":"Biology","experience":9,"phoneNumber":"5558976368"},{"id":92,"name":"John Smith","qualification":"MA","subject":"Chemistry","experience":11,"phoneNumber":"5559949678"},{"id":93,"name":"John Smith","qualification":"MSc","subject":"Chemistry","experience":10,"phoneNumber":"5551609154"},{"id":94,"name":"Mike Chen","qualification":"BSc","subject":"Math","experience":3,"phoneNumber":"5553516251"},{"id":95,"name":"Mike Chen","qualification":"PhD","subject":"History","experience":3,"phoneNumber":"5552283731"},{"id":96,"name":"John Smith","qualification":"MA","subject":"Biology","experience":10,"phoneNumber":"5551921978"},{"id":97,"name":"Mike Chen","qualification":"MA","subject":"Chemistry","experience":5,"phoneNumber":"5555988909"},{"id":98,"name":"Alex Johnson","qualification":"BSc","subject":"History","experience":2,"phoneNumber":"5550170071"},{"id":99,"name":"Lisa Brown","qualification":"BA","subject":"English","experience":10,"phoneNumber":"5555250210"},{"id":100,"name":"John Smith","qualification":"MSc","subject":"Biology","experience":3,"phoneNumber":"5553176626"},{"id":101,"name":"Sarah Wilson","qualification":"MSc","subject":"Physics","experience":6,"phoneNumber":"5557910984"},{"id":102,"name":"Alex Johnson","qualification":"BA","subject":"History","experience":7,"phoneNumber":"5556353702"},{"id":103,"name":"John Smith","qualification":"BSc","subject":"Physics","experience":1,"phoneNumber":"5555283526"},{"id":104,"name":"John Doe","qualification":"MSc in Mathematics","subject":"Math","experience":5,"phoneNumber":"9876543210"},{"id":105,"name":"Alex Johnson","qualification":"BA","subject":"History","experience":8,"phoneNumber":"5555681701"},{"id":106,"name":"John Smith","qualification":"BA","subject":"Math","experience":9,"phoneNumber":"5555799204"},{"id":107,"name":"Alex Johnson","qualification":"BA","subject":"Biology","experience":8,"phoneNumber":"5558105533"},{"id":108,"name":"Alex Johnson","qualification":"BA","subject":"Physics","experience":8,"phoneNumber":"5558851065"},{"id":109,"name":"John Smith","qualification":"BSc","subject":"Physics","experience":4,"phoneNumber":"5553055749"},{"id":110,"name":"Mike Chen","qualification":"BA","subject":"Physics","experience":11,"phoneNumber":"5551156217"},{"id":111,"name":"John Smith","qualification":"PhD","subject":"History","experience":5,"phoneNumber":"5554406755"},{"id":112,"name":"Mike Chen","qualification":"BA","subject":"Physics","experience":4,"phoneNumber":"5558536603"},{"id":113,"name":"Mike Chen","qualification":"MA","subject":"History","experience":4,"phoneNumber":"5550477084"},{"id":114,"name":"Sarah Wilson","qualification":"BA","subject":"English","experience":9,"phoneNumber":"5558229209"},{"id":115,"name":"John Smith","qualification":"PhD","subject":"Math","experience":11,"phoneNumber":"5553435984"},{"id":116,"name":"Mike Chen","qualification":"BA","subject":"Chemistry","experience":6,"phoneNumber":"5556368699"},{"id":117,"name":"Alex Johnson","qualification":"MSc","subject":"History","experience":7,"phoneNumber":"5554329005"},{"id":118,"name":"John Smith","qualification":"MSc","subject":"Biology","experience":4,"phoneNumber":"5552783150"},{"id":119,"name":"John Smith","qualification":"PhD","subject":"History","experience":10,"phoneNumber":"5554373625"},{"id":120,"name":"Alex Johnson","qualification":"BA","subject":"Chemistry","experience":10,"phoneNumber":"5557342053"},{"id":121,"name":"Mike Chen","qualification":"PhD","subject":"Math","experience":4,"phoneNumber":"5555119015"},{"id":122,"name":"Lisa Brown","qualification":"BA","subject":"Math","experience":6,"phoneNumber":"5559059187"},{"id":123,"name":"Sarah Wilson","qualification":"BA","subject":"Biology","experience":5,"phoneNumber":"5550389010"},{"id":124,"name":"Mike Chen","qualification":"MSc","subject":"Biology","experience":3,"phoneNumber":"5554282782"},{"id":125,"name":"Emma Davis","qualification":"MSc","subject":"Math","experience":12,"phoneNumber":"5558707455"},{"id":126,"name":"Mike Chen","qualification":"PhD","subject":"English","experience":3,"phoneNumber":"5557519235"},{"id":127,"name":"Alex Johnson","qualification":"PhD","subject":"Chemistry","experience":10,"phoneNumber":"5554840196"},{"id":128,"name":"Lisa Brown","qualification":"MSc","subject":"Math","experience":8,"phoneNumber":"5551364616"},{"id":129,"name":"John Smith","qualification":"PhD","subject":"Math","experience":9,"phoneNumber":"5556536667"},{"id":130,"name":"John Smith","qualification":"MA","subject":"English","experience":5,"phoneNumber":"5557646324"},{"id":131,"name":"Sarah Wilson","qualification":"BA","subject":"Math","experience":1,"phoneNumber":"5554304861"},{"id":132,"name":"Alex Johnson","qualification":"BSc","subject":"Physics","experience":7,"phoneNumber":"5555073579"},{"id":133,"name":"Sarah Wilson","qualification":"MA","subject":"English","experience":4,"phoneNumber":"5555493383"},{"id":134,"name":"Mike Chen","qualification":"MSc","subject":"Math","experience":5,"phoneNumber":"5550297966"},{"id":135,"name":"Sarah Wilson","qualification":"MA","subject":"History","experience":10,"phoneNumber":"5554883888"},{"id":136,"name":"Lisa Brown","qualification":"BSc","subject":"History","experience":4,"phoneNumber":"5555276511"},{"id":137,"name":"Mike Chen","qualification":"BSc","subject":"Biology","experience":9,"phoneNumber":"5555354911"},{"id":138,"name":"Mike Chen","qualification":"BA","subject":"History","experience":10,"phoneNumber":"5555642184"},{"id":139,"name":"Emma Davis","qualification":"BA","subject":"English","experience":7,"phoneNumber":"5553535189"},{"id":140,"name":"Emma Davis","qualification":"MA","subject":"Chemistry","experience":10,"phoneNumber":"5558322922"},{"id":141,"name":"John Smith","qualification":"PhD","subject":"Biology","experience":9,"phoneNumber":"5552818385"},{"id":142,"name":"Sarah Wilson","qualification":"PhD","subject":"Physics","experience":10,"phoneNumber":"5553859328"},{"id":143,"name":"Alex Johnson","qualification":"MSc","subject":"Math","experience":5,"phoneNumber":"5554310387"},{"id":144,"name":"Alex Johnson","qualification":"MA","subject":"Chemistry","experience":6,"phoneNumber":"5552751261"},{"id":145,"name":"Alex Johnson","qualification":"PhD","subject":"Biology","experience":4,"phoneNumber":"5557572038"},{"id":146,"name":"Emma Davis","qualification":"MA","subject":"Math","experience":10,"phoneNumber":"5559414926"},{"id":147,"name":"Alex Johnson","qualification":"BSc","subject":"English","experience":5,"phoneNumber":"5550498328"},{"id":148,"name":"Alex Johnson","qualification":"BA","subject":"Math","experience":5,"phoneNumber":"5556113483"},{"id":149,"name":"Emma Davis","qualification":"BA","subject":"History","experience":5,"phoneNumber":"5550443896"},{"id":150,"name":"Sarah Wilson","qualification":"BA","subject":"Math","experience":8,"phoneNumber":"5558887573"},{"id":151,"name":"Sarah Wilson","qualification":"MSc","subject":"History","experience":5,"phoneNumber":"5550208496"},{"id":152,"name":"Emma Davis","qualification":"BSc","subject":"Chemistry","experience":6,"phoneNumber":"5557540081"},{"id":153,"name":"Alex Johnson","qualification":"MA","subject":"Physics","experience":5,"phoneNumber":"5556501658"},{"id":154,"name":"Mike Chen","qualification":"MSc","subject":"English","experience":9,"phoneNumber":"5553402299"},{"id":155,"name":"Mike Chen","qualification":"MSc","subject":"Physics","experience":11,"phoneNumber":"5554374355"},{"id":156,"name":"Emma Davis","qualification":"PhD","subject":"Biology","experience":12,"phoneNumber":"5553660249"},{"id":157,"name":"John Smith","qualification":"MSc","subject":"Biology","experience":8,"phoneNumber":"5554040561"},{"id":158,"name":"Emma Davis","qualification":"MSc","subject":"History","experience":2,"phoneNumber":"5550512273"},{"id":159,"name":"John Smith","qualification":"PhD","subject":"Chemistry","experience":9,"phoneNumber":"5557109058"},{"id":160,"name":"Sarah Wilson","qualification":"MA","subject":"Biology","experience":8,"phoneNumber":"5559587121"},{"id":161,"name":"Sarah Wilson","qualification":"BSc","subject":"Physics","experience":7,"phoneNumber":"5554621036"},{"id":162,"name":"Lisa Brown","qualification":"BSc","subject":"Math","experience":11,"phoneNumber":"5552274189"},{"id":163,"name":"Emma Davis","qualification":"MA","subject":"History","experience":9,"phoneNumber":"5556220319"},{"id":164,"name":"Sarah Wilson","qualification":"PhD","subject":"Math","experience":9,"phoneNumber":"5551462281"},{"id":165,"name":"Sarah Wilson","qualification":"BA","subject":"Chemistry","experience":3,"phoneNumber":"5559040610"},{"id":166,"name":"John Smith","qualification":"BSc","subject":"History","experience":8,"phoneNumber":"5556652205"},{"id":167,"name":"Mike Chen","qualification":"BA","subject":"Biology","experience":2,"phoneNumber":"5550942345"},{"id":168,"name":"Alex Johnson","qualification":"BSc","subject":"Physics","experience":4,"phoneNumber":"5552694174"},{"id":169,"name":"Sarah Wilson","qualification":"BSc","subject":"History","experience":7,"phoneNumber":"5552877637"},{"id":170,"name":"Lisa Brown","qualification":"BSc","subject":"Biology","experience":8,"phoneNumber":"5554631182"},{"id":171,"name":"Alex Johnson","qualification":"BSc","subject":"Biology","experience":5,"phoneNumber":"5555441766"},{"id":172,"name":"Emma Davis","qualification":"BSc","subject":"Biology","experience":7,"phoneNumber":"5559350064"},{"id":173,"name":"Alex Johnson","qualification":"MA","subject":"Chemistry","experience":2,"phoneNumber":"5551758679"},{"id":174,"name":"Emma Davis","qualification":"MA","subject":"Math","experience":6,"phoneNumber":"5554914351"},{"id":175,"name":"Alex Johnson","qualification":"BSc","subject":"Physics","experience":3,"phoneNumber":"5553010994"},{"id":176,"name":"Lisa Brown","qualification":"MA","subject":"History","experience":7,"phoneNumber":"5558134757"},{"id":177,"name":"Mike Chen","qualification":"MSc","subject":"Physics","experience":1,"phoneNumber":"5554173655"},{"id":178,"name":"Alex Johnson","qualification":"BA","subject":"Physics","experience":9,"phoneNumber":"5555333988"},{"id":179,"name":"Alex Johnson","qualification":"MSc","subject":"Physics","experience":7,"phoneNumber":"5551756485"},{"id":180,"name":"John Smith","qualification":"MSc","subject":"Biology","experience":4,"phoneNumber":"5556428089"},{"id":181,"name":"John Smith","qualification":"MSc","subject":"Physics","experience":6,"phoneNumber":"5553166205"},{"id":182,"name":"Alex Johnson","qualification":"BA","subject":"Chemistry","experience":2,"phoneNumber":"5556847362"},{"id":183,"name":"Emma Davis","qualification":"MSc","subject":"Chemistry","experience":10,"phoneNumber":"5559921464"},{"id":184,"name":"Alex Johnson","qualification":"MA","subject":"Chemistry","experience":11,"phoneNumber":"5557466550"},{"id":185,"name":"Emma Davis","qualification":"BA","subject":"Math","experience":7,"phoneNumber":"5554257748"},{"id":186,"name":"Mike Chen","qualification":"MA","subject":"Physics","experience":7,"phoneNumber":"5558663729"},{"id":187,"name":"John Smith","qualification":"BA","subject":"Physics","experience":9,"phoneNumber":"5550658984"},{"id":188,"name":"Sarah Wilson","qualification":"BA","subject":"History","experience":2,"phoneNumber":"5552583071"},{"id":189,"name":"Lisa Brown","qualification":"BA","subject":"Chemistry","experience":5,"phoneNumber":"5556405527"},{"id":190,"name":"Lisa Brown","qualification":"BA","subject":"English","experience":2,"phoneNumber":"5557281330"},{"id":191,"name":"Lisa Brown","qualification":"BSc","subject":"Biology","experience":10,"phoneNumber":"5552520104"},{"id":192,"name":"Sarah Wilson","qualification":"BA","subject":"English","experience":9,"phoneNumber":"5555149586"},{"id":193,"name":"Mike Chen","qualification":"MSc","subject":"Math","experience":3,"phoneNumber":"5555213465"},{"id":194,"name":"Emma Davis","qualification":"BA","subject":"Physics","experience":8,"phoneNumber":"5550566857"},{"id":195,"name":"Lisa Brown","qualification":"MSc","subject":"Math","experience":2,"phoneNumber":"5552489692"},{"id":196,"name":"John Smith","qualification":"MSc","subject":"English","experience":6,"phoneNumber":"5551272776"},{"id":197,"name":"Alex Johnson","qualification":"MA","subject":"History","experience":3,"phoneNumber":"5554508619"},{"id":198,"name":"John Smith","qualification":"BSc","subject":"Physics","experience":8,"phoneNumber":"5559483965"},{"id":199,"name":"Sarah Wilson","qualification":"PhD","subject":"Chemistry","experience":10,"phoneNumber":"5557537213"},{"id":200,"name":"Sarah Wilson","qualification":"MA","subject":"History","experience":11,"phoneNumber":"5554229614"},{"id":201,"name":"John Smith","qualification":"PhD","subject":"English","experience":1,"phoneNumber":"5553433564"},{"id":202,"name":"Emma Davis","qualification":"MA","subject":"Physics","experience":4,"phoneNumber":"5553218195"},{"id":203,"name":"Lisa Brown","qualification":"MSc","subject":"Biology","experience":11,"phoneNumber":"5554277538"},{"id":204,"name":"John Smith","qualification":"BA","subject":"Chemistry","experience":2,"phoneNumber":"5559616441"},{"id":205,"name":"Emma Davis","qualification":"BA","subject":"Chemistry","experience":4,"phoneNumber":"5550139169"},{"id":206,"name":"Mike Chen","qualification":"BSc","subject":"Chemistry","experience":4,"phoneNumber":"5553460996"},{"id":207,"name":"John Smith","qualification":"PhD","subject":"Physics","experience":1,"phoneNumber":"5554449027"},{"id":208,"name":"Mike Chen","qualification":"MA","subject":"Physics","experience":6,"phoneNumber":"5550832616"},{"id":209,"name":"Lisa Brown","qualification":"MSc","subject":"Biology","experience":4,"phoneNumber":"5551672170"},{"id":210,"name":"John Smith","qualification":"MA","subject":"Physics","experience":6,"phoneNumber":"5559909146"},{"id":211,"name":"Emma Davis","qualification":"MA","subject":"Biology","experience":6,"phoneNumber":"5551877387"},{"id":212,"name":"Lisa Brown","qualification":"BSc","subject":"Chemistry","experience":8,"phoneNumber":"5557055879"},{"id":213,"name":"Alex Johnson","qualification":"BA","subject":"Physics","experience":3,"phoneNumber":"5558004337"},{"id":214,"name":"Alex Johnson","qualification":"MA","subject":"Math","experience":4,"phoneNumber":"5556455560"},{"id":215,"name":"Mike Chen","qualification":"PhD","subject":"English","experience":8,"phoneNumber":"5557263378"},{"id":216,"name":"Sarah Wilson","qualification":"BA","subject":"Biology","experience":1,"phoneNumber":"5552893591"},{"id":217,"name":"Alex Johnson","qualification":"MA","subject":"English","experience":6,"phoneNumber":"5550526826"},{"id":218,"name":"Sarah Wilson","qualification":"BSc","subject":"History","experience":11,"phoneNumber":"5552084696"},{"id":219,"name":"Emma Davis","qualification":"MSc","subject":"Physics","experience":3,"phoneNumber":"5551905003"},{"id":220,"name":"John Smith","qualification":"PhD","subject":"Math","experience":10,"phoneNumber":"5559719840"},{"id":221,"name":"Sarah Wilson","qualification":"MSc","subject":"English","experience":4,"phoneNumber":"5554805822"},{"id":222,"name":"Alex Johnson","qualification":"BSc","subject":"History","experience":5,"phoneNumber":"5550771321"},{"id":223,"name":"Alex Johnson","qualification":"MA","subject":"Biology","experience":2,"phoneNumber":"5555072865"},{"id":224,"name":"Mike Chen","qualification":"MA","subject":"History","experience":9,"phoneNumber":"5554209880"},{"id":225,"name":"Mike Chen","qualification":"PhD","subject":"Math","experience":9,"phoneNumber":"5555527813"},{"id":226,"name":"Emma Davis","qualification":"PhD","subject":"Math","experience":2,"phoneNumber":"5557242758"},{"id":227,"name":"Emma Davis","qualification":"MA","subject":"Physics","experience":10,"phoneNumber":"5553830923"},{"id":228,"name":"Sarah Wilson","qualification":"PhD","subject":"Math","experience":11,"phoneNumber":"5551344122"},{"id":229,"name":"Lisa Brown","qualification":"PhD","subject":"Physics","experience":4,"phoneNumber":"5553141358"},{"id":230,"name":"Emma Davis","qualification":"BSc","subject":"Math","experience":9,"phoneNumber":"5552461403"},{"id":231,"name":"Lisa Brown","qualification":"BSc","subject":"History","experience":8,"phoneNumber":"5555204371"},{"id":232,"name":"Mike Chen","qualification":"BA","sub
[...]
,"qualification":"BA","subject":"English","experience":5,"phoneNumber":"5551175241"},{"id":238,"name":"Mike Chen","qualification":"PhD","subject":"English","experience":2,"phoneNumber":"5550854319"},{"id":239,"name":"Mike Chen","qualification":"BA","subject":"History","experience":4,"phoneNumber":"5555574371"},{"id":240,"name":"Lisa Brown","qualification":"BSc","subject":"History","experience":3,"phoneNumber":"5558671466"},{"id":241,"name":"Lisa Brown","qualification":"BSc","subject":"Math","experience":7,"phoneNumber":"5558620620"},{"id":242,"name":"Mike Chen","qualification":"BSc","subject":"Biology","experience":6,"phoneNumber":"5557631951"},{"id":243,"name":"Lisa Brown","qualification":"PhD","subject":"Biology","experience":5,"phoneNumber":"5559397852"},{"id":244,"name":"Alex Johnson","qualification":"MA","subject":"Biology","experience":6,"phoneNumber":"5557635823"},{"id":245,"name":"Mike Chen","qualification":"PhD","subject":"Biology","experience":8,"phoneNumber":"5559942359"},{"id":246,"name":"John Doe","qualification":"MSc in Mathematics","subject":"Math","experience":6,"phoneNumber":"9876543210"},{"id":247,"name":"Alex Johnson","qualification":"MSc","subject":"Biology","experience":6,"phoneNumber":"5550549716"},{"id":248,"name":"Mike Chen","qualification":"PhD","subject":"Chemistry","experience":5,"phoneNumber":"5552384321"},{"id":249,"name":"Emma Davis","qualification":"BSc","subject":"History","experience":6,"phoneNumber":"5558985077"},{"id":250,"name":"Sarah Wilson","qualification":"MSc","subject":"Math","experience":2,"phoneNumber":"5551383364"},{"id":251,"name":"Mike Chen","qualification":"BA","subject":"English","experience":6,"phoneNumber":"5550768641"},{"id":252,"name":"Lisa Brown","qualification":"BSc","subject":"History","experience":7,"phoneNumber":"5550810955"},{"id":253,"name":"John Smith","qualification":"BSc","subject":"English","experience":7,"phoneNumber":"5551785927"},{"id":254,"name":"Mike Chen","qualification":"MSc","subject":"Biology","experience":4,"phoneNumber":"5555424671"},{"id":255,"name":"John Smith","qualification":"BA","subject":"Chemistry","experience":6,"phoneNumber":"5553633900"},{"id":256,"name":"John Smith","qualification":"MA","subject":"Chemistry","experience":7,"phoneNumber":"5559311646"},{"id":257,"name":"Lisa Brown","qualification":"BA","subject":"Biology","experience":6,"phoneNumber":"5554475273"},{"id":258,"name":"John Smith","qualification":"BA","subject":"Math","experience":1,"phoneNumber":"5554899605"},{"id":259,"name":"Mike Chen","qualification":"MSc","subject":"History","experience":7,"phoneNumber":"5551346367"},{"id":260,"name":"Alex Johnson","qualification":"MSc","subject":"Physics","experience":10,"phoneNumber":"5553044327"},{"id":261,"name":"John Doe","qualification":"MSc in Mathematics","subject":"Math","experience":5,"phoneNumber":"9876543210"},{"id":262,"name":"Sarah Wilson","qualification":"BSc","subject":"Biology","experience":3,"phoneNumber":"5555268009"},{"id":263,"name":"John Smith","qualification":"MA","subject":"Biology","experience":7,"phoneNumber":"5553473341"},{"id":264,"name":"Sarah Wilson","qualification":"MA","subject":"Math","experience":8,"phoneNumber":"5557583145"},{"id":265,"name":"Lisa Brown","qualification":"MSc","subject":"History","experience":2,"phoneNumber":"5552509360"},{"id":266,"name":"Alex Johnson","qualification":"BSc","subject":"Biology","experience":4,"phoneNumber":"5550897922"},{"id":267,"name":"Emma Davis","qualification":"PhD","subject":"English","experience":2,"phoneNumber":"5556991454"},{"id":268,"name":"Mike Chen","qualification":"BSc","subject":"Math","experience":2,"phoneNumber":"5552928373"},{"id":269,"name":"Mike Chen","qualification":"PhD","subject":"History","experience":7,"phoneNumber":"5551441674"},{"id":270,"name":"John Smith","qualification":"BSc","subject":"History","experience":3,"phoneNumber":"5559406492"},{"id":271,"name":"Sarah Wilson","qualification":"BA","subject":"English","experience":7,"phoneNumber":"5558091217"},{"id":272,"name":"Alex Johnson","qualification":"BA","subject":"History","experience":5,"phoneNumber":"5553957062"},{"id":273,"name":"John Smith","qualification":"MA","subject":"English","experience":3,"phoneNumber":"5556817680"},{"id":274,"name":"Emma Davis","qualification":"MA","subject":"Biology","experience":6,"phoneNumber":"5555168603"},{"id":275,"name":"Alex Johnson","qualification":"PhD","subject":"Physics","experience":1,"phoneNumber":"5555800443"},{"id":276,"name":"Lisa Brown","qualification":"PhD","subject":"History","experience":10,"phoneNumber":"5553045796"},{"id":277,"name":"Mike Chen","qualification":"BA","subject":"Math","experience":7,"phoneNumber":"5551108878"},{"id":278,"name":"Alex Johnson","qualification":"MA","subject":"English","experience":7,"phoneNumber":"5555860559"},{"id":279,"name":"John Smith","qualification":"PhD","subject":"Biology","experience":6,"phoneNumber":"5556982158"},{"id":280,"name":"John Smith","qualification":"PhD","subject":"English","experience":8,"phoneNumber":"5558831467"},{"id":281,"name":"John Smith","qualification":"BA","subject":"History","experience":3,"phoneNumber":"5550190770"},{"id":282,"name":"Alex Johnson","qualification":"BSc","subject":"Math","experience":4,"phoneNumber":"5558181904"},{"id":283,"name":"Mike Chen","qualification":"MA","subject":"Chemistry","experience":2,"phoneNumber":"5551291212"},{"id":284,"name":"Emma Davis","qualification":"MA","subject":"History","experience":4,"phoneNumber":"5555434437"},{"id":285,"name":"Lisa Brown","qualification":"BSc","subject":"History","experience":4,"phoneNumber":"5551178183"},{"id":286,"name":"John Smith","qualification":"BSc","subject":"History","experience":10,"phoneNumber":"5555901465"},{"id":287,"name":"Sarah Wilson","qualification":"BSc","subject":"Biology","experience":9,"phoneNumber":"5554349056"},{"id":288,"name":"Sarah Wilson","qualification":"MA","subject":"English","experience":1,"phoneNumber":"5558054156"},{"id":289,"name":"Alex Johnson","qualification":"MSc","subject":"History","experience":10,"phoneNumber":"5557713229"},{"id":290,"name":"Sarah Wilson","qualification":"PhD","subject":"Chemistry","experience":2,"phoneNumber":"5553215020"},{"id":291,"name":"John Smith","qualification":"BSc","subject":"English","experience":8,"phoneNumber":"5555714146"},{"id":292,"name":"Sarah Wilson","qualification":"MSc","subject":"History","experience":9,"phoneNumber":"5553205946"},{"id":293,"name":"John Doe","qualification":"MSc in Mathematics","subject":"Math","experience":5,"phoneNumber":"9876543210"},{"id":294,"name":"Mike Chen","qualification":"MA","subject":"Math","experience":7,"phoneNumber":"5551330064"},{"id":295,"name":"Mike Chen","qualification":"BA","subject":"English","experience":9,"phoneNumber":"5559457411"},{"id":296,"name":"Lisa Brown","qualification":"MSc","subject":"History","experience":10,"phoneNumber":"5557009842"},{"id":297,"name":"Mike Chen","qualification":"BA","subject":"Physics","experience":8,"phoneNumber":"5550164229"},{"id":298,"name":"Lisa Brown","qualification":"MSc","subject":"English","experience":5,"phoneNumber":"5554647843"},{"id":299,"name":"Emma Davis","qualification":"BA","subject":"Biology","experience":5,"phoneNumber":"5553303863"},{"id":300,"name":"Emma Davis","qualification":"BSc","subject":"Math","experience":6,"phoneNumber":"5555421694"},{"id":301,"name":"Sarah Wilson","qualification":"BSc","subject":"History","experience":1,"phoneNumber":"5553957156"},{"id":302,"name":"Sarah Wilson","qualification":"BSc","subject":"Biology","experience":4,"phoneNumber":"5555565435"},{"id":303,"name":"John Doe","qualification":"MSc in Mathematics","subject":"Math","experience":5,"phoneNumber":"9876543210"},{"id":304,"name":"Sarah Wilson","qualification":"MSc","subject":"Biology","experience":8,"phoneNumber":"5556019216"},{"id":305,"name":"Lisa Brown","qualification":"BA","subject":"Biology","experience":9,"phoneNumber":"5557137204"},{"id":306,"name":"Sarah Wilson","qualification":"BSc","subject":"English","experience":5,"phoneNumber":"5553279165"},{"id":307,"name":"Alex Johnson","qualification":"MA","subject":"Biology","experience":7,"phoneNumber":"5553589926"},{"id":308,"name":"Lisa Brown","qualification":"BA","subject":"English","experience":6,"phoneNumber":"5558122263"},{"id":309,"name":"Sarah Wilson","qualification":"MA","subject":"Physics","experience":6,"phoneNumber":"5557809785"},{"id":310,"name":"Emma Davis","qualification":"BA","subject":"Biology","experience":9,"phoneNumber":"5556836900"},{"id":311,"name":"Alex Johnson","qualification":"BA","subject":"Physics","experience":7,"phoneNumber":"5557883362"},{"id":312,"name":"John Doe","qualification":"MSc in Mathematics","subject":"Math","experience":5,"phoneNumber":"9876543210"},{"id":313,"name":"Emma Davis","qualification":"MSc","subject":"History","experience":5,"phoneNumber":"5552669603"},{"id":314,"name":"Emma Davis","qualification":"BA","subject":"English","experience":10,"phoneNumber":"5556911173"},{"id":315,"name":"Lisa Brown","qualification":"MSc","subject":"Biology","experience":2,"phoneNumber":"5556357360"},{"id":316,"name":"Lisa Brown","qualification":"PhD","subject":"Math","experience":3,"phoneNumber":"5550859224"},{"id":317,"name":"Emma Davis","qualification":"PhD","subject":"Math","experience":8,"phoneNumber":"5550799646"},{"id":318,"name":"Alex Johnson","qualification":"BSc","subject":"English","experience":6,"phoneNumber":"5558012481"},{"id":319,"name":"Sarah Wilson","qualification":"BA","subject":"Physics","experience":10,"phoneNumber":"5552651989"},{"id":320,"name":"John Smith","qualification":"BA","subject":"Biology","experience":1,"phoneNumber":"5557505702"},{"id":321,"name":"Sarah Wilson","qualification":"MA","subject":"Math","experience":1,"phoneNumber":"5554611503"},{"id":322,"name":"Sarah Wilson","qualification":"MA","subject":"History","experience":5,"phoneNumber":"5550734598"},{"id":323,"name":"Sarah Wilson","qualification":"BSc","subject":"English","experience":2,"phoneNumber":"5556660828"},{"id":324,"name":"Alex Johnson","qualification":"PhD","subject":"English","experience":1,"phoneNumber":"5554769417"},{"id":325,"name":"Sarah Wilson","qualification":"MA","subject":"Chemistry","experience":9,"phoneNumber":"5558239669"},{"id":326,"name":"Sarah Wilson","qualification":"BA","subject":"Physics","experience":1,"phoneNumber":"5559184387"},{"id":327,"name":"Emma Davis","qualification":"MA","subject":"Biology","experience":1,"phoneNumber":"5557272025"},{"id":328,"name":"Alex Johnson","qualification":"MA","subject":"Biology","experience":1,"phoneNumber":"5550556083"},{"id":329,"name":"Lisa Brown","qualification":"MA","subject":"English","experience":4,"phoneNumber":"5556390908"},{"id":330,"name":"John Smith","qualification":"BA","subject":"Physics","experience":9,"phoneNumber":"5551753534"},{"id":331,"name":"Emma Davis","qualification":"PhD","subject":"Physics","experience":8,"phoneNumber":"5553351789"},{"id":332,"name":"Mike Chen","qualification":"PhD","subject":"Biology","experience":7,"phoneNumber":"5554643965"},{"id":333,"name":"John Smith","qualification":"MSc","subject":"English","experience":2,"phoneNumber":"5550760119"},{"id":334,"name":"Mike Chen","qualification":"PhD","subject":"Physics","experience":8,"phoneNumber":"5555338892"},{"id":335,"name":"Mike Chen","qualification":"BSc","subject":"Biology","experience":9,"phoneNumber":"5558923331"},{"id":336,"name":"Emma Davis","qualification":"MA","subject":"Math","experience":2,"phoneNumber":"5551379398"},{"id":337,"name":"Emma Davis","qualification":"BSc","subject":"Math","experience":8,"phoneNumber":"5551351194"},{"id":338,"name":"Sarah Wilson","qualification":"MA","subject":"Math","experience":10,"phoneNumber":"5554312428"},{"id":339,"name":"Sarah Wilson","qualification":"MA","subject":"Math","experience":8,"phoneNumber":"5551332444"},{"id":340,"name":"Lisa Brown","qualification":"MA","subject":"History","experience":3,"phoneNumber":"5550835445"},{"id":341,"name":"Mike Chen","qualification":"PhD","subject":"History","experience":5,"phoneNumber":"5558639742"},{"id":342,"name":"John Doe","qualification":"MSc in Mathematics","subject":"Math","experience":6,"phoneNumber":"9876543210"},{"id":343,"name":"Alex Johnson","qualification":"MA","subject":"English","experience":3,"phoneNumber":"5556107588"},{"id":344,"name":"John Smith","qualification":"MA","subject":"Math","experience":9,"phoneNumber":"5551955580"},{"id":345,"name":"Sarah Wilson","qualification":"MSc","subject":"Physics","experience":9,"phoneNumber":"5555596374"},{"id":346,"name":"John Smith","qualification":"MA","subject":"Chemistry","experience":8,"phoneNumber":"5558097753"},{"id":347,"name":"Mike Chen","qualification":"BSc","subject":"Math","experience":5,"phoneNumber":"5554706532"},{"id":348,"name":"Sarah Wilson","qualification":"MA","subject":"Math","experience":4,"phoneNumber":"5550989938"},{"id":349,"name":"Sarah Wilson","qualification":"MSc","subject":"Physics","experience":6,"phoneNumber":"5559493189"},{"id":350,"name":"Lisa Brown","qualification":"MA","subject":"Math","experience":9,"phoneNumber":"5553918419"},{"id":351,"name":"Alex Johnson","qualification":"MSc","subject":"Math","experience":3,"phoneNumber":"5555047817"},{"id":352,"name":"John Smith","qualification":"MA","subject":"Physics","experience":7,"phoneNumber":"5556975398"},{"id":353,"name":"Lisa Brown","qualification":"MA","subject":"Physics","experience":1,"phoneNumber":"5556711994"},{"id":354,"name":"Alex Johnson","qualification":"BSc","subject":"Chemistry","experience":5,"phoneNumber":"5557152932"},{"id":355,"name":"Sarah Wilson","qualification":"PhD","subject":"Math","experience":11,"phoneNumber":"5553905958"},{"id":356,"name":"John Smith","qualification":"BA","subject":"History","experience":8,"phoneNumber":"5554226096"},{"id":357,"name":"John Smith","qualification":"PhD","subject":"Physics","experience":7,"phoneNumber":"5553874731"},{"id":358,"name":"John Smith","qualification":"BSc","subject":"Math","experience":5,"phoneNumber":"5555218568"},{"id":359,"name":"Alex Johnson","qualification":"PhD","subject":"English","experience":6,"phoneNumber":"5557517929"},{"id":360,"name":"Mike Chen","qualification":"BSc","subject":"Physics","experience":3,"phoneNumber":"5554714828"},{"id":361,"name":"John Doe","qualification":"MSc in Mathematics","subject":"Math","experience":5,"phoneNumber":"9876543210"},{"id":362,"name":"John Smith","qualification":"BA","subject":"English","experience":6,"phoneNumber":"5556539689"},{"id":363,"name":"Lisa Brown","qualification":"PhD","subject":"Math","experience":7,"phoneNumber":"5556206781"},{"id":364,"name":"Alex Johnson","qualification":"MA","subject":"Biology","experience":5,"phoneNumber":"5551831101"},{"id":365,"name":"Mike Chen","qualification":"BSc","subject":"Chemistry","experience":9,"phoneNumber":"5552699970"},{"id":366,"name":"Sarah Wilson","qualification":"PhD","subject":"English","experience":8,"phoneNumber":"5550646387"},{"id":367,"name":"Alex Johnson","qualification":"MSc","subject":"English","experience":6,"phoneNumber":"5554490751"},{"id":368,"name":"Emma Davis","qualification":"BA","subject":"Physics","experience":6,"phoneNumber":"5558581317"},{"id":369,"name":"Mike Chen","qualification":"PhD","subject":"Math","experience":8,"phoneNumber":"5558157532"},{"id":370,"name":"Mike Chen","qualification":"MA","subject":"Math","experience":10,"phoneNumber":"5555178587"},{"id":371,"name":"Lisa Brown","qualification":"BA","subject":"Biology","experience":10,"phoneNumber":"5559569145"},{"id":372,"name":"Alex Johnson","qualification":"MA","subject":"History","experience":1,"phoneNumber":"5559344479"},{"id":373,"name":"Lisa Brown","qualification":"MA","subject":"History","experience":6,"phoneNumber":"5551714245"},{"id":374,"name":"Mike Chen","qualification":"BSc","subject":"Physics","experience":10,"phoneNumber":"5556458498"},{"id":375,"name":"Mike Chen","qualification":"BSc","subject":"Biology","experience":8,"phoneNumber":"5553918008"},{"id":376,"name":"Mike Chen","qualification":"MA","subject":"Chemistry","experience":7,"phoneNumber":"5557042235"},{"id":377,"name":"Emma Davis","qualification":"MA","subject":"Physics","experience":5,"phoneNumber":"5553847249"},{"id":378,"name":"Lisa Brown","qualification":"BA","subject":"Biology","experience":4,"phoneNumber":"5558054606"},{"id":379,"name":"Mike Chen","qualification":"BA","subject":"History","experience":8,"phoneNumber":"5559114511"},{"id":380,"name":"Mike Chen","qualification":"BSc","subject":"Chemistry","experience":3,"phoneNumber":"5553492447"},{"id":381,"name":"Lisa Brown","qualification":"MSc","subject":"Biology","experience":7,"phoneNumber":"5555158176"},{"id":382,"name":"Sarah Wilson","qualification":"MSc","subject":"Math","experience":6,"phoneNumber":"5557516146"},{"id":383,"name":"Sarah Wilson","qualification":"BSc","subject":"Math","experience":6,"phoneNumber":"5552715421"},{"id":384,"name":"Alex Johnson","qualification":"PhD","subject":"English","experience":3,"phoneNumber":"5554427691"},{"id":385,"name":"Mike Chen","qualification":"MA","subject":"Physics","experience":7,"phoneNumber":"5553484200"},{"id":386,"name":"John Smith","qualification":"BA","subject":"English","experience":9,"phoneNumber":"5559358204"},{"id":387,"name":"Alex Johnson","qualification":"PhD","subject":"Physics","experience":6,"phoneNumber":"5557292670"},{"id":388,"name":"Lisa Brown","qualification":"BA","subject":"Math","experience":7,"phoneNumber":"5554329322"},{"id":389,"name":"Mike Chen","qualification":"BSc","subject":"Biology","experience":3,"phoneNumber":"5554767099"},{"id":390,"name":"Sarah Wilson","qualification":"MA","subject":"Physics","experience":6,"phoneNumber":"5551944756"},{"id":391,"name":"Mike Chen","qualification":"MA","subject":"History","experience":4,"phoneNumber":"5559046111"},{"id":392,"name":"Mike Chen","qualification":"BSc","subject":"Chemistry","experience":5,"phoneNumber":"5554587294"},{"id":393,"name":"Lisa Brown","qualification":"MSc","subject":"English","experience":7,"phoneNumber":"5551665866"},{"id":394,"name":"Emma Davis","qualification":"MSc","subject":"English","experience":1,"phoneNumber":"5552548905"},{"id":395,"name":"Emma Davis","qualification":"MA","subject":"History","experience":2,"phoneNumber":"5555338047"},{"id":396,"name":"Lisa Brown","qualification":"MA","subject":"Math","experience":1,"phoneNumber":"5553618501"},{"id":397,"name":"John Smith","qualification":"MA","subject":"English","experience":1,"phoneNumber":"5558118518"},{"id":398,"name":"John Smith","qualification":"MSc","subject":"Physics","experience":3,"phoneNumber":"5557278135"},{"id":399,"name":"John Smith","qualification":"MA","subject":"Math","experience":4,"phoneNumber":"5552784313"},{"id":400,"name":"John Smith","qualification":"PhD","subject":"Math","experience":9,"phoneNumber":"5552703526"},{"id":401,"name":"Lisa Brown","qualification":"BSc","subject":"Physics","experience":1,"phoneNumber":"5559629512"},{"id":402,"name":"Sarah Wilson","qualification":"PhD","subject":"Physics","experience":7,"phoneNumber":"5552714366"},{"id":403,"name":"Lisa Brown","qualification":"MSc","subject":"Physics","experience":9,"phoneNumber":"5553817023"},{"id":404,"name":"Mike Chen","qualification":"MA","subject":"Physics","experience":9,"phoneNumber":"5558561554"},{"id":405,"name":"Mike Chen","qualification":"BSc","subject":"Math","experience":5,"phoneNumber":"5556580868"},{"id":406,"name":"Mike Chen","qualification":"MSc","subject":"Chemistry","experience":4,"phoneNumber":"5557390683"},{"id":407,"name":"Emma Davis","qualification":"PhD","subject":"Chemistry","experience":7,"phoneNumber":"5555356521"},{"id":408,"name":"Emma Davis","qualification":"PhD","subject":"Physics","experience":2,"phoneNumber":"5556339570"},{"id":409,"name":"John Doe","qualification":"MSc in Mathematics","subject":"Math","experience":5,"phoneNumber":"9876543210"}]
    Forwarded URL = null
   Redirected URL = null
          Cookies = []
]]></system-out>
  </testcase>
</testsuite>